Mplus VERSION 8
MUTHEN & MUTHEN
01/16/2018   1:00 PM

INPUT INSTRUCTIONS

  TITLE:  tabaquismo ULTIMOS DATOS, PAPER modelo nulo de L.Muthén

  DATA:
  FILE IS "C:\Users\Jesus\Dropbox\Marcel Elipe\Mplus\
      datos definitivos\datos homocedas\datos homocedasticos.dat";

  LISTWISE=ON;


  VARIABLE:
    NAMES ARE Id_dato dia semana dia_sema N_Suj Genero Edad
  D_lunes
    D_martes D_mierco D_jueves D_vierne D_sabado
  Y_homo Y_homo_1
    Y_homo_2 Y_homo_3 Y_homo_7 Y_homo_8 Y_homo_9 Y_homo_14

  Y_homo_21 Y_homo_28 Y_homo_35 Y_homo_42 Y_homo_49
    Y_homo_56 Y_homo_63;


  MISSING ARE ALL (-9);


  USEVARIABLES ARE                               			 ! N_Suj  !Edad  !Genero

      D_lunes D_martes D_mierco D_jueves D_vierne D_sabado
  Y_homo
      Y_homo_1
      Y_homo_2   Y_homo_7  					!Y_homo_3  Y_homo_8   Y_homo_9

  Y_homo_14 Y_homo_21 Y_homo_28 Y_homo_35
  Y_homo_42
    Y_homo_49 Y_homo_56;
                    						! Y_homo_63;


  MODEL:
  	D_lunes - Y_homo_56 WITH D_lunes - Y_homo_56@0;

  ANALYSIS:


                			  !TYPE IS GENERAL BASIC;

  ESTIMATOR IS ML;

  ITERATIONS = 500000;

  CONVERGENCE = 0.00005;


  OUTPUT:  STANDARDIZED;

   SAVEDATA:
  RESULTS ARE outp_4decls_nulo_bien.dat;
  FORMAT IS F10.4;


  OUTPUT:
  TECH1;
  STANDARDIZED;




*** WARNING in VARIABLE command
  Note that only the first 8 characters of variable names are used in the output.
  Shorten variable names to avoid any confusion.
   1 WARNING(S) FOUND IN THE INPUT INSTRUCTIONS



tabaquismo ULTIMOS DATOS, PAPER modelo nulo de L.Muthén

SUMMARY OF ANALYSIS

Number of groups                                                 1
Number of observations                                        2986

Number of dependent variables                                   17
Number of independent variables                                  0
Number of continuous latent variables                            0

Observed dependent variables

  Continuous
   D_LUNES     D_MARTES    D_MIERCO    D_JUEVES    D_VIERNE    D_SABADO
   Y_HOMO      Y_HOMO_1    Y_HOMO_2    Y_HOMO_7    Y_HOMO_14   Y_HOMO_21
   Y_HOMO_28   Y_HOMO_35   Y_HOMO_42   Y_HOMO_49   Y_HOMO_56


Estimator                                                       ML
Information matrix                                        OBSERVED
Maximum number of iterations                                500000
Convergence criterion                                    0.500D-04
Maximum number of steepest descent iterations                   20

Input data file(s)
  C:\Users\Jesus\Dropbox\Marcel Elipe\Mplus\datos definitivos\datos homocedas\da

Input data format  FREE



UNIVARIATE SAMPLE STATISTICS


     UNIVARIATE HIGHER-ORDER MOMENT DESCRIPTIVE STATISTICS

         Variable/         Mean/     Skewness/   Minimum/ % with                Percentiles
        Sample Size      Variance    Kurtosis    Maximum  Min/Max      20%/60%    40%/80%    Median

     D_LUNES               0.140       2.071       0.000   85.97%       0.000      0.000      0.000
            2986.000       0.121       2.290       1.000   14.03%       0.000      0.000
     D_MARTES              0.141       2.063       0.000   85.90%       0.000      0.000      0.000
            2986.000       0.121       2.257       1.000   14.10%       0.000      0.000
     D_MIERCO              0.144       2.028       0.000   85.60%       0.000      0.000      0.000
            2986.000       0.123       2.112       1.000   14.40%       0.000      0.000
     D_JUEVES              0.144       2.032       0.000   85.63%       0.000      0.000      0.000
            2986.000       0.123       2.128       1.000   14.37%       0.000      0.000
     D_VIERNE              0.144       2.028       0.000   85.60%       0.000      0.000      0.000
            2986.000       0.123       2.112       1.000   14.40%       0.000      0.000
     D_SABADO              0.144       2.032       0.000   85.63%       0.000      0.000      0.000
            2986.000       0.123       2.128       1.000   14.37%       0.000      0.000
     Y_HOMO                4.569       0.675       0.284    0.17%       2.644      3.694      4.205
            2986.000       5.185       0.214      13.248    0.03%       4.786      6.425
     Y_HOMO_1              4.560       0.677       0.284    0.17%       2.622      3.694      4.204
            2986.000       5.190       0.221      13.248    0.03%       4.766      6.425
     Y_HOMO_2              4.550       0.672       0.284    0.17%       2.619      3.673      4.204
            2986.000       5.169       0.220      13.248    0.03%       4.766      6.425
     Y_HOMO_7              4.550       0.673       0.284    0.17%       2.619      3.678      4.204
            2986.000       5.187       0.241      13.248    0.03%       4.781      6.425
     Y_HOMO_14             4.533       0.657       0.284    0.17%       2.586      3.671      4.194
            2986.000       5.165       0.188      13.248    0.03%       4.754      6.437
     Y_HOMO_21             4.525       0.614       0.284    0.20%       2.564      3.640      4.205
            2986.000       5.169       0.125      13.248    0.03%       4.786      6.437
     Y_HOMO_28             4.511       0.618       0.284    0.20%       2.550      3.625      4.200
            2986.000       5.179       0.121      13.248    0.03%       4.772      6.437
     Y_HOMO_35             4.510       0.606       0.284    0.20%       2.550      3.625      4.204
            2986.000       5.164       0.091      13.248    0.03%       4.797      6.437
     Y_HOMO_42             4.509       0.577       0.284    0.13%       2.448      3.625      4.220
            2986.000       5.179       0.017      13.248    0.03%       4.850      6.443
     Y_HOMO_49             4.512       0.570       0.284    0.10%       2.504      3.671      4.221
            2986.000       5.106       0.048      13.248    0.03%       4.903      6.443
     Y_HOMO_56             4.504       0.582       0.284    0.03%       2.504      3.643      4.220
            2986.000       5.063       0.102      12.758    0.13%       4.891      6.443


THE MODEL ESTIMATION TERMINATED NORMALLY

     THE STANDARD ERRORS OF THE MODEL PARAMETER ESTIMATES MAY NOT BE
     TRUSTWORTHY FOR SOME PARAMETERS DUE TO A NON-POSITIVE DEFINITE
     FIRST-ORDER DERIVATIVE PRODUCT MATRIX.  THIS MAY BE DUE TO THE STARTING
     VALUES BUT MAY ALSO BE AN INDICATION OF MODEL NONIDENTIFICATION.  THE
     CONDITION NUMBER IS      -0.321D-14.  PROBLEM INVOLVING THE FOLLOWING PARAMETER:
     Parameter 18, D_LUNES

     THIS IS MOST LIKELY DUE TO VARIABLE D_LUNES BEING DICHOTOMOUS BUT
     DECLARED AS CONTINUOUS.




MODEL FIT INFORMATION

Number of Free Parameters                       34

Loglikelihood

          H0 Value                      -80158.332
          H1 Value                      -54456.432

Information Criteria

          Akaike (AIC)                  160384.664
          Bayesian (BIC)                160588.721
          Sample-Size Adjusted BIC      160480.690
            (n* = (n + 2) / 24)

Chi-Square Test of Model Fit

          Value                          51403.800
          Degrees of Freedom                   136
          P-Value                           0.0000

RMSEA (Root Mean Square Error Of Approximation)

          Estimate                           0.355
          90 Percent C.I.                    0.353  0.358
          Probability RMSEA <= .05           0.000

CFI/TLI

          CFI                                0.000
          TLI                                0.000

Chi-Square Test of Model Fit for the Baseline Model

          Value                          51403.800
          Degrees of Freedom                   136
          P-Value                           0.0000

SRMR (Standardized Root Mean Square Residual)

          Value                              0.471



MODEL RESULTS

                                                    Two-Tailed
                    Estimate       S.E.  Est./S.E.    P-Value

 D_LUNES  WITH
    D_MARTES           0.000      0.000    999.000    999.000
    D_MIERCO           0.000      0.000    999.000    999.000
    D_JUEVES           0.000      0.000    999.000    999.000
    D_VIERNE           0.000      0.000    999.000    999.000
    D_SABADO           0.000      0.000    999.000    999.000
    Y_HOMO             0.000      0.000    999.000    999.000
    Y_HOMO_1           0.000      0.000    999.000    999.000
    Y_HOMO_2           0.000      0.000    999.000    999.000
    Y_HOMO_7           0.000      0.000    999.000    999.000
    Y_HOMO_14          0.000      0.000    999.000    999.000
    Y_HOMO_21          0.000      0.000    999.000    999.000
    Y_HOMO_28          0.000      0.000    999.000    999.000
    Y_HOMO_35          0.000      0.000    999.000    999.000
    Y_HOMO_42          0.000      0.000    999.000    999.000
    Y_HOMO_49          0.000      0.000    999.000    999.000
    Y_HOMO_56          0.000      0.000    999.000    999.000

 D_MARTES WITH
    D_MIERCO           0.000      0.000    999.000    999.000
    D_JUEVES           0.000      0.000    999.000    999.000
    D_VIERNE           0.000      0.000    999.000    999.000
    D_SABADO           0.000      0.000    999.000    999.000
    Y_HOMO             0.000      0.000    999.000    999.000
    Y_HOMO_1           0.000      0.000    999.000    999.000
    Y_HOMO_2           0.000      0.000    999.000    999.000
    Y_HOMO_7           0.000      0.000    999.000    999.000
    Y_HOMO_14          0.000      0.000    999.000    999.000
    Y_HOMO_21          0.000      0.000    999.000    999.000
    Y_HOMO_28          0.000      0.000    999.000    999.000
    Y_HOMO_35          0.000      0.000    999.000    999.000
    Y_HOMO_42          0.000      0.000    999.000    999.000
    Y_HOMO_49          0.000      0.000    999.000    999.000
    Y_HOMO_56          0.000      0.000    999.000    999.000

 D_MIERCO WITH
    D_JUEVES           0.000      0.000    999.000    999.000
    D_VIERNE           0.000      0.000    999.000    999.000
    D_SABADO           0.000      0.000    999.000    999.000
    Y_HOMO             0.000      0.000    999.000    999.000
    Y_HOMO_1           0.000      0.000    999.000    999.000
    Y_HOMO_2           0.000      0.000    999.000    999.000
    Y_HOMO_7           0.000      0.000    999.000    999.000
    Y_HOMO_14          0.000      0.000    999.000    999.000
    Y_HOMO_21          0.000      0.000    999.000    999.000
    Y_HOMO_28          0.000      0.000    999.000    999.000
    Y_HOMO_35          0.000      0.000    999.000    999.000
    Y_HOMO_42          0.000      0.000    999.000    999.000
    Y_HOMO_49          0.000      0.000    999.000    999.000
    Y_HOMO_56          0.000      0.000    999.000    999.000

 D_JUEVES WITH
    D_VIERNE           0.000      0.000    999.000    999.000
    D_SABADO           0.000      0.000    999.000    999.000
    Y_HOMO             0.000      0.000    999.000    999.000
    Y_HOMO_1           0.000      0.000    999.000    999.000
    Y_HOMO_2           0.000      0.000    999.000    999.000
    Y_HOMO_7           0.000      0.000    999.000    999.000
    Y_HOMO_14          0.000      0.000    999.000    999.000
    Y_HOMO_21          0.000      0.000    999.000    999.000
    Y_HOMO_28          0.000      0.000    999.000    999.000
    Y_HOMO_35          0.000      0.000    999.000    999.000
    Y_HOMO_42          0.000      0.000    999.000    999.000
    Y_HOMO_49          0.000      0.000    999.000    999.000
    Y_HOMO_56          0.000      0.000    999.000    999.000

 D_VIERNE WITH
    D_SABADO           0.000      0.000    999.000    999.000
    Y_HOMO             0.000      0.000    999.000    999.000
    Y_HOMO_1           0.000      0.000    999.000    999.000
    Y_HOMO_2           0.000      0.000    999.000    999.000
    Y_HOMO_7           0.000      0.000    999.000    999.000
    Y_HOMO_14          0.000      0.000    999.000    999.000
    Y_HOMO_21          0.000      0.000    999.000    999.000
    Y_HOMO_28          0.000      0.000    999.000    999.000
    Y_HOMO_35          0.000      0.000    999.000    999.000
    Y_HOMO_42          0.000      0.000    999.000    999.000
    Y_HOMO_49          0.000      0.000    999.000    999.000
    Y_HOMO_56          0.000      0.000    999.000    999.000

 D_SABADO WITH
    Y_HOMO             0.000      0.000    999.000    999.000
    Y_HOMO_1           0.000      0.000    999.000    999.000
    Y_HOMO_2           0.000      0.000    999.000    999.000
    Y_HOMO_7           0.000      0.000    999.000    999.000
    Y_HOMO_14          0.000      0.000    999.000    999.000
    Y_HOMO_21          0.000      0.000    999.000    999.000
    Y_HOMO_28          0.000      0.000    999.000    999.000
    Y_HOMO_35          0.000      0.000    999.000    999.000
    Y_HOMO_42          0.000      0.000    999.000    999.000
    Y_HOMO_49          0.000      0.000    999.000    999.000
    Y_HOMO_56          0.000      0.000    999.000    999.000

 Y_HOMO   WITH
    Y_HOMO_1           0.000      0.000    999.000    999.000
    Y_HOMO_2           0.000      0.000    999.000    999.000
    Y_HOMO_7           0.000      0.000    999.000    999.000
    Y_HOMO_14          0.000      0.000    999.000    999.000
    Y_HOMO_21          0.000      0.000    999.000    999.000
    Y_HOMO_28          0.000      0.000    999.000    999.000
    Y_HOMO_35          0.000      0.000    999.000    999.000
    Y_HOMO_42          0.000      0.000    999.000    999.000
    Y_HOMO_49          0.000      0.000    999.000    999.000
    Y_HOMO_56          0.000      0.000    999.000    999.000

 Y_HOMO_1 WITH
    Y_HOMO_2           0.000      0.000    999.000    999.000
    Y_HOMO_7           0.000      0.000    999.000    999.000
    Y_HOMO_14          0.000      0.000    999.000    999.000
    Y_HOMO_21          0.000      0.000    999.000    999.000
    Y_HOMO_28          0.000      0.000    999.000    999.000
    Y_HOMO_35          0.000      0.000    999.000    999.000
    Y_HOMO_42          0.000      0.000    999.000    999.000
    Y_HOMO_49          0.000      0.000    999.000    999.000
    Y_HOMO_56          0.000      0.000    999.000    999.000

 Y_HOMO_2 WITH
    Y_HOMO_7           0.000      0.000    999.000    999.000
    Y_HOMO_14          0.000      0.000    999.000    999.000
    Y_HOMO_21          0.000      0.000    999.000    999.000
    Y_HOMO_28          0.000      0.000    999.000    999.000
    Y_HOMO_35          0.000      0.000    999.000    999.000
    Y_HOMO_42          0.000      0.000    999.000    999.000
    Y_HOMO_49          0.000      0.000    999.000    999.000
    Y_HOMO_56          0.000      0.000    999.000    999.000

 Y_HOMO_7 WITH
    Y_HOMO_14          0.000      0.000    999.000    999.000
    Y_HOMO_21          0.000      0.000    999.000    999.000
    Y_HOMO_28          0.000      0.000    999.000    999.000
    Y_HOMO_35          0.000      0.000    999.000    999.000
    Y_HOMO_42          0.000      0.000    999.000    999.000
    Y_HOMO_49          0.000      0.000    999.000    999.000
    Y_HOMO_56          0.000      0.000    999.000    999.000

 Y_HOMO_1 WITH
    Y_HOMO_21          0.000      0.000    999.000    999.000
    Y_HOMO_28          0.000      0.000    999.000    999.000
    Y_HOMO_35          0.000      0.000    999.000    999.000
    Y_HOMO_42          0.000      0.000    999.000    999.000
    Y_HOMO_49          0.000      0.000    999.000    999.000
    Y_HOMO_56          0.000      0.000    999.000    999.000

 Y_HOMO_2 WITH
    Y_HOMO_28          0.000      0.000    999.000    999.000
    Y_HOMO_35          0.000      0.000    999.000    999.000
    Y_HOMO_42          0.000      0.000    999.000    999.000
    Y_HOMO_49          0.000      0.000    999.000    999.000
    Y_HOMO_56          0.000      0.000    999.000    999.000

 Y_HOMO_2 WITH
    Y_HOMO_35          0.000      0.000    999.000    999.000
    Y_HOMO_42          0.000      0.000    999.000    999.000
    Y_HOMO_49          0.000      0.000    999.000    999.000
    Y_HOMO_56          0.000      0.000    999.000    999.000

 Y_HOMO_3 WITH
    Y_HOMO_42          0.000      0.000    999.000    999.000
    Y_HOMO_49          0.000      0.000    999.000    999.000
    Y_HOMO_56          0.000      0.000    999.000    999.000

 Y_HOMO_4 WITH
    Y_HOMO_49          0.000      0.000    999.000    999.000
    Y_HOMO_56          0.000      0.000    999.000    999.000

 Y_HOMO_4 WITH
    Y_HOMO_56          0.000      0.000    999.000    999.000

 Means
    D_LUNES            0.140      0.006     22.077      0.000
    D_MARTES           0.141      0.006     22.138      0.000
    D_MIERCO           0.144      0.006     22.413      0.000
    D_JUEVES           0.144      0.006     22.382      0.000
    D_VIERNE           0.144      0.006     22.413      0.000
    D_SABADO           0.144      0.006     22.382      0.000
    Y_HOMO             4.569      0.042    109.648      0.000
    Y_HOMO_1           4.560      0.042    109.384      0.000
    Y_HOMO_2           4.550      0.042    109.356      0.000
    Y_HOMO_7           4.550      0.042    109.173      0.000
    Y_HOMO_14          4.533      0.042    108.989      0.000
    Y_HOMO_21          4.525      0.042    108.767      0.000
    Y_HOMO_28          4.511      0.042    108.312      0.000
    Y_HOMO_35          4.510      0.042    108.449      0.000
    Y_HOMO_42          4.509      0.042    108.265      0.000
    Y_HOMO_49          4.512      0.041    109.118      0.000
    Y_HOMO_56          4.504      0.041    109.389      0.000

 Variances
    D_LUNES            0.121      0.003     38.640      0.000
    D_MARTES           0.121      0.003     38.639      0.000
    D_MIERCO           0.123      0.003     38.639      0.000
    D_JUEVES           0.123      0.003     38.639      0.000
    D_VIERNE           0.123      0.003     38.639      0.000
    D_SABADO           0.123      0.003     38.639      0.000
    Y_HOMO             5.185      0.134     38.639      0.000
    Y_HOMO_1           5.190      0.134     38.639      0.000
    Y_HOMO_2           5.169      0.134     38.639      0.000
    Y_HOMO_7           5.187      0.134     38.639      0.000
    Y_HOMO_14          5.165      0.134     38.639      0.000
    Y_HOMO_21          5.169      0.134     38.639      0.000
    Y_HOMO_28          5.179      0.134     38.639      0.000
    Y_HOMO_35          5.164      0.134     38.639      0.000
    Y_HOMO_42          5.179      0.134     38.639      0.000
    Y_HOMO_49          5.106      0.132     38.639      0.000
    Y_HOMO_56          5.063      0.131     38.640      0.000


STANDARDIZED MODEL RESULTS


STDYX Standardization

                                                    Two-Tailed
                    Estimate       S.E.  Est./S.E.    P-Value

 D_LUNES  WITH
    D_MARTES           0.000      0.000    999.000    999.000
    D_MIERCO           0.000      0.000    999.000    999.000
    D_JUEVES           0.000      0.000    999.000    999.000
    D_VIERNE           0.000      0.000    999.000    999.000
    D_SABADO           0.000      0.000    999.000    999.000
    Y_HOMO             0.000      0.000    999.000    999.000
    Y_HOMO_1           0.000      0.000    999.000    999.000
    Y_HOMO_2           0.000      0.000    999.000    999.000
    Y_HOMO_7           0.000      0.000    999.000    999.000
    Y_HOMO_14          0.000      0.000    999.000    999.000
    Y_HOMO_21          0.000      0.000    999.000    999.000
    Y_HOMO_28          0.000      0.000    999.000    999.000
    Y_HOMO_35          0.000      0.000    999.000    999.000
    Y_HOMO_42          0.000      0.000    999.000    999.000
    Y_HOMO_49          0.000      0.000    999.000    999.000
    Y_HOMO_56          0.000      0.000    999.000    999.000

 D_MARTES WITH
    D_MIERCO           0.000      0.000    999.000    999.000
    D_JUEVES           0.000      0.000    999.000    999.000
    D_VIERNE           0.000      0.000    999.000    999.000
    D_SABADO           0.000      0.000    999.000    999.000
    Y_HOMO             0.000      0.000    999.000    999.000
    Y_HOMO_1           0.000      0.000    999.000    999.000
    Y_HOMO_2           0.000      0.000    999.000    999.000
    Y_HOMO_7           0.000      0.000    999.000    999.000
    Y_HOMO_14          0.000      0.000    999.000    999.000
    Y_HOMO_21          0.000      0.000    999.000    999.000
    Y_HOMO_28          0.000      0.000    999.000    999.000
    Y_HOMO_35          0.000      0.000    999.000    999.000
    Y_HOMO_42          0.000      0.000    999.000    999.000
    Y_HOMO_49          0.000      0.000    999.000    999.000
    Y_HOMO_56          0.000      0.000    999.000    999.000

 D_MIERCO WITH
    D_JUEVES           0.000      0.000    999.000    999.000
    D_VIERNE           0.000      0.000    999.000    999.000
    D_SABADO           0.000      0.000    999.000    999.000
    Y_HOMO             0.000      0.000    999.000    999.000
    Y_HOMO_1           0.000      0.000    999.000    999.000
    Y_HOMO_2           0.000      0.000    999.000    999.000
    Y_HOMO_7           0.000      0.000    999.000    999.000
    Y_HOMO_14          0.000      0.000    999.000    999.000
    Y_HOMO_21          0.000      0.000    999.000    999.000
    Y_HOMO_28          0.000      0.000    999.000    999.000
    Y_HOMO_35          0.000      0.000    999.000    999.000
    Y_HOMO_42          0.000      0.000    999.000    999.000
    Y_HOMO_49          0.000      0.000    999.000    999.000
    Y_HOMO_56          0.000      0.000    999.000    999.000

 D_JUEVES WITH
    D_VIERNE           0.000      0.000    999.000    999.000
    D_SABADO           0.000      0.000    999.000    999.000
    Y_HOMO             0.000      0.000    999.000    999.000
    Y_HOMO_1           0.000      0.000    999.000    999.000
    Y_HOMO_2           0.000      0.000    999.000    999.000
    Y_HOMO_7           0.000      0.000    999.000    999.000
    Y_HOMO_14          0.000      0.000    999.000    999.000
    Y_HOMO_21          0.000      0.000    999.000    999.000
    Y_HOMO_28          0.000      0.000    999.000    999.000
    Y_HOMO_35          0.000      0.000    999.000    999.000
    Y_HOMO_42          0.000      0.000    999.000    999.000
    Y_HOMO_49          0.000      0.000    999.000    999.000
    Y_HOMO_56          0.000      0.000    999.000    999.000

 D_VIERNE WITH
    D_SABADO           0.000      0.000    999.000    999.000
    Y_HOMO             0.000      0.000    999.000    999.000
    Y_HOMO_1           0.000      0.000    999.000    999.000
    Y_HOMO_2           0.000      0.000    999.000    999.000
    Y_HOMO_7           0.000      0.000    999.000    999.000
    Y_HOMO_14          0.000      0.000    999.000    999.000
    Y_HOMO_21          0.000      0.000    999.000    999.000
    Y_HOMO_28          0.000      0.000    999.000    999.000
    Y_HOMO_35          0.000      0.000    999.000    999.000
    Y_HOMO_42          0.000      0.000    999.000    999.000
    Y_HOMO_49          0.000      0.000    999.000    999.000
    Y_HOMO_56          0.000      0.000    999.000    999.000

 D_SABADO WITH
    Y_HOMO             0.000      0.000    999.000    999.000
    Y_HOMO_1           0.000      0.000    999.000    999.000
    Y_HOMO_2           0.000      0.000    999.000    999.000
    Y_HOMO_7           0.000      0.000    999.000    999.000
    Y_HOMO_14          0.000      0.000    999.000    999.000
    Y_HOMO_21          0.000      0.000    999.000    999.000
    Y_HOMO_28          0.000      0.000    999.000    999.000
    Y_HOMO_35          0.000      0.000    999.000    999.000
    Y_HOMO_42          0.000      0.000    999.000    999.000
    Y_HOMO_49          0.000      0.000    999.000    999.000
    Y_HOMO_56          0.000      0.000    999.000    999.000

 Y_HOMO   WITH
    Y_HOMO_1           0.000      0.000    999.000    999.000
    Y_HOMO_2           0.000      0.000    999.000    999.000
    Y_HOMO_7           0.000      0.000    999.000    999.000
    Y_HOMO_14          0.000      0.000    999.000    999.000
    Y_HOMO_21          0.000      0.000    999.000    999.000
    Y_HOMO_28          0.000      0.000    999.000    999.000
    Y_HOMO_35          0.000      0.000    999.000    999.000
    Y_HOMO_42          0.000      0.000    999.000    999.000
    Y_HOMO_49          0.000      0.000    999.000    999.000
    Y_HOMO_56          0.000      0.000    999.000    999.000

 Y_HOMO_1 WITH
    Y_HOMO_2           0.000      0.000    999.000    999.000
    Y_HOMO_7           0.000      0.000    999.000    999.000
    Y_HOMO_14          0.000      0.000    999.000    999.000
    Y_HOMO_21          0.000      0.000    999.000    999.000
    Y_HOMO_28          0.000      0.000    999.000    999.000
    Y_HOMO_35          0.000      0.000    999.000    999.000
    Y_HOMO_42          0.000      0.000    999.000    999.000
    Y_HOMO_49          0.000      0.000    999.000    999.000
    Y_HOMO_56          0.000      0.000    999.000    999.000

 Y_HOMO_2 WITH
    Y_HOMO_7           0.000      0.000    999.000    999.000
    Y_HOMO_14          0.000      0.000    999.000    999.000
    Y_HOMO_21          0.000      0.000    999.000    999.000
    Y_HOMO_28          0.000      0.000    999.000    999.000
    Y_HOMO_35          0.000      0.000    999.000    999.000
    Y_HOMO_42          0.000      0.000    999.000    999.000
    Y_HOMO_49          0.000      0.000    999.000    999.000
    Y_HOMO_56          0.000      0.000    999.000    999.000

 Y_HOMO_7 WITH
    Y_HOMO_14          0.000      0.000    999.000    999.000
    Y_HOMO_21          0.000      0.000    999.000    999.000
    Y_HOMO_28          0.000      0.000    999.000    999.000
    Y_HOMO_35          0.000      0.000    999.000    999.000
    Y_HOMO_42          0.000      0.000    999.000    999.000
    Y_HOMO_49          0.000      0.000    999.000    999.000
    Y_HOMO_56          0.000      0.000    999.000    999.000

 Y_HOMO_1 WITH
    Y_HOMO_21          0.000      0.000    999.000    999.000
    Y_HOMO_28          0.000      0.000    999.000    999.000
    Y_HOMO_35          0.000      0.000    999.000    999.000
    Y_HOMO_42          0.000      0.000    999.000    999.000
    Y_HOMO_49          0.000      0.000    999.000    999.000
    Y_HOMO_56          0.000      0.000    999.000    999.000

 Y_HOMO_2 WITH
    Y_HOMO_28          0.000      0.000    999.000    999.000
    Y_HOMO_35          0.000      0.000    999.000    999.000
    Y_HOMO_42          0.000      0.000    999.000    999.000
    Y_HOMO_49          0.000      0.000    999.000    999.000
    Y_HOMO_56          0.000      0.000    999.000    999.000

 Y_HOMO_2 WITH
    Y_HOMO_35          0.000      0.000    999.000    999.000
    Y_HOMO_42          0.000      0.000    999.000    999.000
    Y_HOMO_49          0.000      0.000    999.000    999.000
    Y_HOMO_56          0.000      0.000    999.000    999.000

 Y_HOMO_3 WITH
    Y_HOMO_42          0.000      0.000    999.000    999.000
    Y_HOMO_49          0.000      0.000    999.000    999.000
    Y_HOMO_56          0.000      0.000    999.000    999.000

 Y_HOMO_4 WITH
    Y_HOMO_49          0.000      0.000    999.000    999.000
    Y_HOMO_56          0.000      0.000    999.000    999.000

 Y_HOMO_4 WITH
    Y_HOMO_56          0.000      0.000    999.000    999.000

 Means
    D_LUNES            0.404      0.019     21.228      0.000
    D_MARTES           0.405      0.019     21.282      0.000
    D_MIERCO           0.410      0.019     21.526      0.000
    D_JUEVES           0.410      0.019     21.499      0.000
    D_VIERNE           0.410      0.019     21.526      0.000
    D_SABADO           0.410      0.019     21.499      0.000
    Y_HOMO             2.007      0.032     63.167      0.000
    Y_HOMO_1           2.002      0.032     63.116      0.000
    Y_HOMO_2           2.001      0.032     63.111      0.000
    Y_HOMO_7           1.998      0.032     63.075      0.000
    Y_HOMO_14          1.995      0.032     63.040      0.000
    Y_HOMO_21          1.990      0.032     62.997      0.000
    Y_HOMO_28          1.982      0.032     62.908      0.000
    Y_HOMO_35          1.985      0.032     62.935      0.000
    Y_HOMO_42          1.981      0.031     62.899      0.000
    Y_HOMO_49          1.997      0.032     63.065      0.000
    Y_HOMO_56          2.002      0.032     63.117      0.000

 Variances
    D_LUNES            1.000      0.000    999.000    999.000
    D_MARTES           1.000      0.000    999.000    999.000
    D_MIERCO           1.000      0.000    999.000    999.000
    D_JUEVES           1.000      0.000    999.000    999.000
    D_VIERNE           1.000      0.000    999.000    999.000
    D_SABADO           1.000      0.000    999.000    999.000
    Y_HOMO             1.000      0.000    999.000    999.000
    Y_HOMO_1           1.000      0.000    999.000    999.000
    Y_HOMO_2           1.000      0.000    999.000    999.000
    Y_HOMO_7           1.000      0.000    999.000    999.000
    Y_HOMO_14          1.000      0.000    999.000    999.000
    Y_HOMO_21          1.000      0.000    999.000    999.000
    Y_HOMO_28          1.000      0.000    999.000    999.000
    Y_HOMO_35          1.000      0.000    999.000    999.000
    Y_HOMO_42          1.000      0.000    999.000    999.000
    Y_HOMO_49          1.000      0.000    999.000    999.000
    Y_HOMO_56          1.000      0.000    999.000    999.000


STDY Standardization

                                                    Two-Tailed
                    Estimate       S.E.  Est./S.E.    P-Value

 D_LUNES  WITH
    D_MARTES           0.000      0.000    999.000    999.000
    D_MIERCO           0.000      0.000    999.000    999.000
    D_JUEVES           0.000      0.000    999.000    999.000
    D_VIERNE           0.000      0.000    999.000    999.000
    D_SABADO           0.000      0.000    999.000    999.000
    Y_HOMO             0.000      0.000    999.000    999.000
    Y_HOMO_1           0.000      0.000    999.000    999.000
    Y_HOMO_2           0.000      0.000    999.000    999.000
    Y_HOMO_7           0.000      0.000    999.000    999.000
    Y_HOMO_14          0.000      0.000    999.000    999.000
    Y_HOMO_21          0.000      0.000    999.000    999.000
    Y_HOMO_28          0.000      0.000    999.000    999.000
    Y_HOMO_35          0.000      0.000    999.000    999.000
    Y_HOMO_42          0.000      0.000    999.000    999.000
    Y_HOMO_49          0.000      0.000    999.000    999.000
    Y_HOMO_56          0.000      0.000    999.000    999.000

 D_MARTES WITH
    D_MIERCO           0.000      0.000    999.000    999.000
    D_JUEVES           0.000      0.000    999.000    999.000
    D_VIERNE           0.000      0.000    999.000    999.000
    D_SABADO           0.000      0.000    999.000    999.000
    Y_HOMO             0.000      0.000    999.000    999.000
    Y_HOMO_1           0.000      0.000    999.000    999.000
    Y_HOMO_2           0.000      0.000    999.000    999.000
    Y_HOMO_7           0.000      0.000    999.000    999.000
    Y_HOMO_14          0.000      0.000    999.000    999.000
    Y_HOMO_21          0.000      0.000    999.000    999.000
    Y_HOMO_28          0.000      0.000    999.000    999.000
    Y_HOMO_35          0.000      0.000    999.000    999.000
    Y_HOMO_42          0.000      0.000    999.000    999.000
    Y_HOMO_49          0.000      0.000    999.000    999.000
    Y_HOMO_56          0.000      0.000    999.000    999.000

 D_MIERCO WITH
    D_JUEVES           0.000      0.000    999.000    999.000
    D_VIERNE           0.000      0.000    999.000    999.000
    D_SABADO           0.000      0.000    999.000    999.000
    Y_HOMO             0.000      0.000    999.000    999.000
    Y_HOMO_1           0.000      0.000    999.000    999.000
    Y_HOMO_2           0.000      0.000    999.000    999.000
    Y_HOMO_7           0.000      0.000    999.000    999.000
    Y_HOMO_14          0.000      0.000    999.000    999.000
    Y_HOMO_21          0.000      0.000    999.000    999.000
    Y_HOMO_28          0.000      0.000    999.000    999.000
    Y_HOMO_35          0.000      0.000    999.000    999.000
    Y_HOMO_42          0.000      0.000    999.000    999.000
    Y_HOMO_49          0.000      0.000    999.000    999.000
    Y_HOMO_56          0.000      0.000    999.000    999.000

 D_JUEVES WITH
    D_VIERNE           0.000      0.000    999.000    999.000
    D_SABADO           0.000      0.000    999.000    999.000
    Y_HOMO             0.000      0.000    999.000    999.000
    Y_HOMO_1           0.000      0.000    999.000    999.000
    Y_HOMO_2           0.000      0.000    999.000    999.000
    Y_HOMO_7           0.000      0.000    999.000    999.000
    Y_HOMO_14          0.000      0.000    999.000    999.000
    Y_HOMO_21          0.000      0.000    999.000    999.000
    Y_HOMO_28          0.000      0.000    999.000    999.000
    Y_HOMO_35          0.000      0.000    999.000    999.000
    Y_HOMO_42          0.000      0.000    999.000    999.000
    Y_HOMO_49          0.000      0.000    999.000    999.000
    Y_HOMO_56          0.000      0.000    999.000    999.000

 D_VIERNE WITH
    D_SABADO           0.000      0.000    999.000    999.000
    Y_HOMO             0.000      0.000    999.000    999.000
    Y_HOMO_1           0.000      0.000    999.000    999.000
    Y_HOMO_2           0.000      0.000    999.000    999.000
    Y_HOMO_7           0.000      0.000    999.000    999.000
    Y_HOMO_14          0.000      0.000    999.000    999.000
    Y_HOMO_21          0.000      0.000    999.000    999.000
    Y_HOMO_28          0.000      0.000    999.000    999.000
    Y_HOMO_35          0.000      0.000    999.000    999.000
    Y_HOMO_42          0.000      0.000    999.000    999.000
    Y_HOMO_49          0.000      0.000    999.000    999.000
    Y_HOMO_56          0.000      0.000    999.000    999.000

 D_SABADO WITH
    Y_HOMO             0.000      0.000    999.000    999.000
    Y_HOMO_1           0.000      0.000    999.000    999.000
    Y_HOMO_2           0.000      0.000    999.000    999.000
    Y_HOMO_7           0.000      0.000    999.000    999.000
    Y_HOMO_14          0.000      0.000    999.000    999.000
    Y_HOMO_21          0.000      0.000    999.000    999.000
    Y_HOMO_28          0.000      0.000    999.000    999.000
    Y_HOMO_35          0.000      0.000    999.000    999.000
    Y_HOMO_42          0.000      0.000    999.000    999.000
    Y_HOMO_49          0.000      0.000    999.000    999.000
    Y_HOMO_56          0.000      0.000    999.000    999.000

 Y_HOMO   WITH
    Y_HOMO_1           0.000      0.000    999.000    999.000
    Y_HOMO_2           0.000      0.000    999.000    999.000
    Y_HOMO_7           0.000      0.000    999.000    999.000
    Y_HOMO_14          0.000      0.000    999.000    999.000
    Y_HOMO_21          0.000      0.000    999.000    999.000
    Y_HOMO_28          0.000      0.000    999.000    999.000
    Y_HOMO_35          0.000      0.000    999.000    999.000
    Y_HOMO_42          0.000      0.000    999.000    999.000
    Y_HOMO_49          0.000      0.000    999.000    999.000
    Y_HOMO_56          0.000      0.000    999.000    999.000

 Y_HOMO_1 WITH
    Y_HOMO_2           0.000      0.000    999.000    999.000
    Y_HOMO_7           0.000      0.000    999.000    999.000
    Y_HOMO_14          0.000      0.000    999.000    999.000
    Y_HOMO_21          0.000      0.000    999.000    999.000
    Y_HOMO_28          0.000      0.000    999.000    999.000
    Y_HOMO_35          0.000      0.000    999.000    999.000
    Y_HOMO_42          0.000      0.000    999.000    999.000
    Y_HOMO_49          0.000      0.000    999.000    999.000
    Y_HOMO_56          0.000      0.000    999.000    999.000

 Y_HOMO_2 WITH
    Y_HOMO_7           0.000      0.000    999.000    999.000
    Y_HOMO_14          0.000      0.000    999.000    999.000
    Y_HOMO_21          0.000      0.000    999.000    999.000
    Y_HOMO_28          0.000      0.000    999.000    999.000
    Y_HOMO_35          0.000      0.000    999.000    999.000
    Y_HOMO_42          0.000      0.000    999.000    999.000
    Y_HOMO_49          0.000      0.000    999.000    999.000
    Y_HOMO_56          0.000      0.000    999.000    999.000

 Y_HOMO_7 WITH
    Y_HOMO_14          0.000      0.000    999.000    999.000
    Y_HOMO_21          0.000      0.000    999.000    999.000
    Y_HOMO_28          0.000      0.000    999.000    999.000
    Y_HOMO_35          0.000      0.000    999.000    999.000
    Y_HOMO_42          0.000      0.000    999.000    999.000
    Y_HOMO_49          0.000      0.000    999.000    999.000
    Y_HOMO_56          0.000      0.000    999.000    999.000

 Y_HOMO_1 WITH
    Y_HOMO_21          0.000      0.000    999.000    999.000
    Y_HOMO_28          0.000      0.000    999.000    999.000
    Y_HOMO_35          0.000      0.000    999.000    999.000
    Y_HOMO_42          0.000      0.000    999.000    999.000
    Y_HOMO_49          0.000      0.000    999.000    999.000
    Y_HOMO_56          0.000      0.000    999.000    999.000

 Y_HOMO_2 WITH
    Y_HOMO_28          0.000      0.000    999.000    999.000
    Y_HOMO_35          0.000      0.000    999.000    999.000
    Y_HOMO_42          0.000      0.000    999.000    999.000
    Y_HOMO_49          0.000      0.000    999.000    999.000
    Y_HOMO_56          0.000      0.000    999.000    999.000

 Y_HOMO_2 WITH
    Y_HOMO_35          0.000      0.000    999.000    999.000
    Y_HOMO_42          0.000      0.000    999.000    999.000
    Y_HOMO_49          0.000      0.000    999.000    999.000
    Y_HOMO_56          0.000      0.000    999.000    999.000

 Y_HOMO_3 WITH
    Y_HOMO_42          0.000      0.000    999.000    999.000
    Y_HOMO_49          0.000      0.000    999.000    999.000
    Y_HOMO_56          0.000      0.000    999.000    999.000

 Y_HOMO_4 WITH
    Y_HOMO_49          0.000      0.000    999.000    999.000
    Y_HOMO_56          0.000      0.000    999.000    999.000

 Y_HOMO_4 WITH
    Y_HOMO_56          0.000      0.000    999.000    999.000

 Means
    D_LUNES            0.404      0.019     21.228      0.000
    D_MARTES           0.405      0.019     21.282      0.000
    D_MIERCO           0.410      0.019     21.526      0.000
    D_JUEVES           0.410      0.019     21.499      0.000
    D_VIERNE           0.410      0.019     21.526      0.000
    D_SABADO           0.410      0.019     21.499      0.000
    Y_HOMO             2.007      0.032     63.167      0.000
    Y_HOMO_1           2.002      0.032     63.116      0.000
    Y_HOMO_2           2.001      0.032     63.111      0.000
    Y_HOMO_7           1.998      0.032     63.075      0.000
    Y_HOMO_14          1.995      0.032     63.040      0.000
    Y_HOMO_21          1.990      0.032     62.997      0.000
    Y_HOMO_28          1.982      0.032     62.908      0.000
    Y_HOMO_35          1.985      0.032     62.935      0.000
    Y_HOMO_42          1.981      0.031     62.899      0.000
    Y_HOMO_49          1.997      0.032     63.065      0.000
    Y_HOMO_56          2.002      0.032     63.117      0.000

 Variances
    D_LUNES            1.000      0.000    999.000    999.000
    D_MARTES           1.000      0.000    999.000    999.000
    D_MIERCO           1.000      0.000    999.000    999.000
    D_JUEVES           1.000      0.000    999.000    999.000
    D_VIERNE           1.000      0.000    999.000    999.000
    D_SABADO           1.000      0.000    999.000    999.000
    Y_HOMO             1.000      0.000    999.000    999.000
    Y_HOMO_1           1.000      0.000    999.000    999.000
    Y_HOMO_2           1.000      0.000    999.000    999.000
    Y_HOMO_7           1.000      0.000    999.000    999.000
    Y_HOMO_14          1.000      0.000    999.000    999.000
    Y_HOMO_21          1.000      0.000    999.000    999.000
    Y_HOMO_28          1.000      0.000    999.000    999.000
    Y_HOMO_35          1.000      0.000    999.000    999.000
    Y_HOMO_42          1.000      0.000    999.000    999.000
    Y_HOMO_49          1.000      0.000    999.000    999.000
    Y_HOMO_56          1.000      0.000    999.000    999.000


STD Standardization

                                                    Two-Tailed
                    Estimate       S.E.  Est./S.E.    P-Value

 D_LUNES  WITH
    D_MARTES           0.000      0.000    999.000    999.000
    D_MIERCO           0.000      0.000    999.000    999.000
    D_JUEVES           0.000      0.000    999.000    999.000
    D_VIERNE           0.000      0.000    999.000    999.000
    D_SABADO           0.000      0.000    999.000    999.000
    Y_HOMO             0.000      0.000    999.000    999.000
    Y_HOMO_1           0.000      0.000    999.000    999.000
    Y_HOMO_2           0.000      0.000    999.000    999.000
    Y_HOMO_7           0.000      0.000    999.000    999.000
    Y_HOMO_14          0.000      0.000    999.000    999.000
    Y_HOMO_21          0.000      0.000    999.000    999.000
    Y_HOMO_28          0.000      0.000    999.000    999.000
    Y_HOMO_35          0.000      0.000    999.000    999.000
    Y_HOMO_42          0.000      0.000    999.000    999.000
    Y_HOMO_49          0.000      0.000    999.000    999.000
    Y_HOMO_56          0.000      0.000    999.000    999.000

 D_MARTES WITH
    D_MIERCO           0.000      0.000    999.000    999.000
    D_JUEVES           0.000      0.000    999.000    999.000
    D_VIERNE           0.000      0.000    999.000    999.000
    D_SABADO           0.000      0.000    999.000    999.000
    Y_HOMO             0.000      0.000    999.000    999.000
    Y_HOMO_1           0.000      0.000    999.000    999.000
    Y_HOMO_2           0.000      0.000    999.000    999.000
    Y_HOMO_7           0.000      0.000    999.000    999.000
    Y_HOMO_14          0.000      0.000    999.000    999.000
    Y_HOMO_21          0.000      0.000    999.000    999.000
    Y_HOMO_28          0.000      0.000    999.000    999.000
    Y_HOMO_35          0.000      0.000    999.000    999.000
    Y_HOMO_42          0.000      0.000    999.000    999.000
    Y_HOMO_49          0.000      0.000    999.000    999.000
    Y_HOMO_56          0.000      0.000    999.000    999.000

 D_MIERCO WITH
    D_JUEVES           0.000      0.000    999.000    999.000
    D_VIERNE           0.000      0.000    999.000    999.000
    D_SABADO           0.000      0.000    999.000    999.000
    Y_HOMO             0.000      0.000    999.000    999.000
    Y_HOMO_1           0.000      0.000    999.000    999.000
    Y_HOMO_2           0.000      0.000    999.000    999.000
    Y_HOMO_7           0.000      0.000    999.000    999.000
    Y_HOMO_14          0.000      0.000    999.000    999.000
    Y_HOMO_21          0.000      0.000    999.000    999.000
    Y_HOMO_28          0.000      0.000    999.000    999.000
    Y_HOMO_35          0.000      0.000    999.000    999.000
    Y_HOMO_42          0.000      0.000    999.000    999.000
    Y_HOMO_49          0.000      0.000    999.000    999.000
    Y_HOMO_56          0.000      0.000    999.000    999.000

 D_JUEVES WITH
    D_VIERNE           0.000      0.000    999.000    999.000
    D_SABADO           0.000      0.000    999.000    999.000
    Y_HOMO             0.000      0.000    999.000    999.000
    Y_HOMO_1           0.000      0.000    999.000    999.000
    Y_HOMO_2           0.000      0.000    999.000    999.000
    Y_HOMO_7           0.000      0.000    999.000    999.000
    Y_HOMO_14          0.000      0.000    999.000    999.000
    Y_HOMO_21          0.000      0.000    999.000    999.000
    Y_HOMO_28          0.000      0.000    999.000    999.000
    Y_HOMO_35          0.000      0.000    999.000    999.000
    Y_HOMO_42          0.000      0.000    999.000    999.000
    Y_HOMO_49          0.000      0.000    999.000    999.000
    Y_HOMO_56          0.000      0.000    999.000    999.000

 D_VIERNE WITH
    D_SABADO           0.000      0.000    999.000    999.000
    Y_HOMO             0.000      0.000    999.000    999.000
    Y_HOMO_1           0.000      0.000    999.000    999.000
    Y_HOMO_2           0.000      0.000    999.000    999.000
    Y_HOMO_7           0.000      0.000    999.000    999.000
    Y_HOMO_14          0.000      0.000    999.000    999.000
    Y_HOMO_21          0.000      0.000    999.000    999.000
    Y_HOMO_28          0.000      0.000    999.000    999.000
    Y_HOMO_35          0.000      0.000    999.000    999.000
    Y_HOMO_42          0.000      0.000    999.000    999.000
    Y_HOMO_49          0.000      0.000    999.000    999.000
    Y_HOMO_56          0.000      0.000    999.000    999.000

 D_SABADO WITH
    Y_HOMO             0.000      0.000    999.000    999.000
    Y_HOMO_1           0.000      0.000    999.000    999.000
    Y_HOMO_2           0.000      0.000    999.000    999.000
    Y_HOMO_7           0.000      0.000    999.000    999.000
    Y_HOMO_14          0.000      0.000    999.000    999.000
    Y_HOMO_21          0.000      0.000    999.000    999.000
    Y_HOMO_28          0.000      0.000    999.000    999.000
    Y_HOMO_35          0.000      0.000    999.000    999.000
    Y_HOMO_42          0.000      0.000    999.000    999.000
    Y_HOMO_49          0.000      0.000    999.000    999.000
    Y_HOMO_56          0.000      0.000    999.000    999.000

 Y_HOMO   WITH
    Y_HOMO_1           0.000      0.000    999.000    999.000
    Y_HOMO_2           0.000      0.000    999.000    999.000
    Y_HOMO_7           0.000      0.000    999.000    999.000
    Y_HOMO_14          0.000      0.000    999.000    999.000
    Y_HOMO_21          0.000      0.000    999.000    999.000
    Y_HOMO_28          0.000      0.000    999.000    999.000
    Y_HOMO_35          0.000      0.000    999.000    999.000
    Y_HOMO_42          0.000      0.000    999.000    999.000
    Y_HOMO_49          0.000      0.000    999.000    999.000
    Y_HOMO_56          0.000      0.000    999.000    999.000

 Y_HOMO_1 WITH
    Y_HOMO_2           0.000      0.000    999.000    999.000
    Y_HOMO_7           0.000      0.000    999.000    999.000
    Y_HOMO_14          0.000      0.000    999.000    999.000
    Y_HOMO_21          0.000      0.000    999.000    999.000
    Y_HOMO_28          0.000      0.000    999.000    999.000
    Y_HOMO_35          0.000      0.000    999.000    999.000
    Y_HOMO_42          0.000      0.000    999.000    999.000
    Y_HOMO_49          0.000      0.000    999.000    999.000
    Y_HOMO_56          0.000      0.000    999.000    999.000

 Y_HOMO_2 WITH
    Y_HOMO_7           0.000      0.000    999.000    999.000
    Y_HOMO_14          0.000      0.000    999.000    999.000
    Y_HOMO_21          0.000      0.000    999.000    999.000
    Y_HOMO_28          0.000      0.000    999.000    999.000
    Y_HOMO_35          0.000      0.000    999.000    999.000
    Y_HOMO_42          0.000      0.000    999.000    999.000
    Y_HOMO_49          0.000      0.000    999.000    999.000
    Y_HOMO_56          0.000      0.000    999.000    999.000

 Y_HOMO_7 WITH
    Y_HOMO_14          0.000      0.000    999.000    999.000
    Y_HOMO_21          0.000      0.000    999.000    999.000
    Y_HOMO_28          0.000      0.000    999.000    999.000
    Y_HOMO_35          0.000      0.000    999.000    999.000
    Y_HOMO_42          0.000      0.000    999.000    999.000
    Y_HOMO_49          0.000      0.000    999.000    999.000
    Y_HOMO_56          0.000      0.000    999.000    999.000

 Y_HOMO_1 WITH
    Y_HOMO_21          0.000      0.000    999.000    999.000
    Y_HOMO_28          0.000      0.000    999.000    999.000
    Y_HOMO_35          0.000      0.000    999.000    999.000
    Y_HOMO_42          0.000      0.000    999.000    999.000
    Y_HOMO_49          0.000      0.000    999.000    999.000
    Y_HOMO_56          0.000      0.000    999.000    999.000

 Y_HOMO_2 WITH
    Y_HOMO_28          0.000      0.000    999.000    999.000
    Y_HOMO_35          0.000      0.000    999.000    999.000
    Y_HOMO_42          0.000      0.000    999.000    999.000
    Y_HOMO_49          0.000      0.000    999.000    999.000
    Y_HOMO_56          0.000      0.000    999.000    999.000

 Y_HOMO_2 WITH
    Y_HOMO_35          0.000      0.000    999.000    999.000
    Y_HOMO_42          0.000      0.000    999.000    999.000
    Y_HOMO_49          0.000      0.000    999.000    999.000
    Y_HOMO_56          0.000      0.000    999.000    999.000

 Y_HOMO_3 WITH
    Y_HOMO_42          0.000      0.000    999.000    999.000
    Y_HOMO_49          0.000      0.000    999.000    999.000
    Y_HOMO_56          0.000      0.000    999.000    999.000

 Y_HOMO_4 WITH
    Y_HOMO_49          0.000      0.000    999.000    999.000
    Y_HOMO_56          0.000      0.000    999.000    999.000

 Y_HOMO_4 WITH
    Y_HOMO_56          0.000      0.000    999.000    999.000

 Means
    D_LUNES            0.140      0.006     22.077      0.000
    D_MARTES           0.141      0.006     22.138      0.000
    D_MIERCO           0.144      0.006     22.413      0.000
    D_JUEVES           0.144      0.006     22.382      0.000
    D_VIERNE           0.144      0.006     22.413      0.000
    D_SABADO           0.144      0.006     22.382      0.000
    Y_HOMO             4.569      0.042    109.648      0.000
    Y_HOMO_1           4.560      0.042    109.384      0.000
    Y_HOMO_2           4.550      0.042    109.356      0.000
    Y_HOMO_7           4.550      0.042    109.173      0.000
    Y_HOMO_14          4.533      0.042    108.989      0.000
    Y_HOMO_21          4.525      0.042    108.767      0.000
    Y_HOMO_28          4.511      0.042    108.312      0.000
    Y_HOMO_35          4.510      0.042    108.449      0.000
    Y_HOMO_42          4.509      0.042    108.265      0.000
    Y_HOMO_49          4.512      0.041    109.118      0.000
    Y_HOMO_56          4.504      0.041    109.389      0.000

 Variances
    D_LUNES            0.121      0.003     38.640      0.000
    D_MARTES           0.121      0.003     38.639      0.000
    D_MIERCO           0.123      0.003     38.639      0.000
    D_JUEVES           0.123      0.003     38.639      0.000
    D_VIERNE           0.123      0.003     38.639      0.000
    D_SABADO           0.123      0.003     38.639      0.000
    Y_HOMO             5.185      0.134     38.639      0.000
    Y_HOMO_1           5.190      0.134     38.639      0.000
    Y_HOMO_2           5.169      0.134     38.639      0.000
    Y_HOMO_7           5.187      0.134     38.639      0.000
    Y_HOMO_14          5.165      0.134     38.639      0.000
    Y_HOMO_21          5.169      0.134     38.639      0.000
    Y_HOMO_28          5.179      0.134     38.639      0.000
    Y_HOMO_35          5.164      0.134     38.639      0.000
    Y_HOMO_42          5.179      0.134     38.639      0.000
    Y_HOMO_49          5.106      0.132     38.639      0.000
    Y_HOMO_56          5.063      0.131     38.640      0.000


R-SQUARE


QUALITY OF NUMERICAL RESULTS

     Condition Number for the Information Matrix              0.364E-02
       (ratio of smallest to largest eigenvalue)


TECHNICAL 1 OUTPUT


     PARAMETER SPECIFICATION


           NU
              D_LUNES       D_MARTES      D_MIERCO      D_JUEVES      D_VIERNE
              ________      ________      ________      ________      ________
                  1             2             3             4             5


           NU
              D_SABADO      Y_HOMO        Y_HOMO_1      Y_HOMO_2      Y_HOMO_7
              ________      ________      ________      ________      ________
                  6             7             8             9            10


           NU
              Y_HOMO_1      Y_HOMO_2      Y_HOMO_2      Y_HOMO_3      Y_HOMO_4
              ________      ________      ________      ________      ________
                 11            12            13            14            15


           NU
              Y_HOMO_4      Y_HOMO_5
              ________      ________
                 16            17


           THETA
              D_LUNES       D_MARTES      D_MIERCO      D_JUEVES      D_VIERNE
              ________      ________      ________      ________      ________
 D_LUNES           18
 D_MARTES           0            19
 D_MIERCO           0             0            20
 D_JUEVES           0             0             0            21
 D_VIERNE           0             0             0             0            22
 D_SABADO           0             0             0             0             0
 Y_HOMO             0             0             0             0             0
 Y_HOMO_1           0             0             0             0             0
 Y_HOMO_2           0             0             0             0             0
 Y_HOMO_7           0             0             0             0             0
 Y_HOMO_1           0             0             0             0             0
 Y_HOMO_2           0             0             0             0             0
 Y_HOMO_2           0             0             0             0             0
 Y_HOMO_3           0             0             0             0             0
 Y_HOMO_4           0             0             0             0             0
 Y_HOMO_4           0             0             0             0             0
 Y_HOMO_5           0             0             0             0             0


           THETA
              D_SABADO      Y_HOMO        Y_HOMO_1      Y_HOMO_2      Y_HOMO_7
              ________      ________      ________      ________      ________
 D_SABADO          23
 Y_HOMO             0            24
 Y_HOMO_1           0             0            25
 Y_HOMO_2           0             0             0            26
 Y_HOMO_7           0             0             0             0            27
 Y_HOMO_1           0             0             0             0             0
 Y_HOMO_2           0             0             0             0             0
 Y_HOMO_2           0             0             0             0             0
 Y_HOMO_3           0             0             0             0             0
 Y_HOMO_4           0             0             0             0             0
 Y_HOMO_4           0             0             0             0             0
 Y_HOMO_5           0             0             0             0             0


           THETA
              Y_HOMO_1      Y_HOMO_2      Y_HOMO_2      Y_HOMO_3      Y_HOMO_4
              ________      ________      ________      ________      ________
 Y_HOMO_1          28
 Y_HOMO_2           0            29
 Y_HOMO_2           0             0            30
 Y_HOMO_3           0             0             0            31
 Y_HOMO_4           0             0             0             0            32
 Y_HOMO_4           0             0             0             0             0
 Y_HOMO_5           0             0             0             0             0


           THETA
              Y_HOMO_4      Y_HOMO_5
              ________      ________
 Y_HOMO_4          33
 Y_HOMO_5           0            34


     STARTING VALUES


           NU
              D_LUNES       D_MARTES      D_MIERCO      D_JUEVES      D_VIERNE
              ________      ________      ________      ________      ________
                0.000         0.000         0.000         0.000         0.000


           NU
              D_SABADO      Y_HOMO        Y_HOMO_1      Y_HOMO_2      Y_HOMO_7
              ________      ________      ________      ________      ________
                0.000         0.000         0.000         0.000         0.000


           NU
              Y_HOMO_1      Y_HOMO_2      Y_HOMO_2      Y_HOMO_3      Y_HOMO_4
              ________      ________      ________      ________      ________
                0.000         0.000         0.000         0.000         0.000


           NU
              Y_HOMO_4      Y_HOMO_5
              ________      ________
                0.000         0.000


           THETA
              D_LUNES       D_MARTES      D_MIERCO      D_JUEVES      D_VIERNE
              ________      ________      ________      ________      ________
 D_LUNES        0.060
 D_MARTES       0.000         0.061
 D_MIERCO       0.000         0.000         0.062
 D_JUEVES       0.000         0.000         0.000         0.062
 D_VIERNE       0.000         0.000         0.000         0.000         0.062
 D_SABADO       0.000         0.000         0.000         0.000         0.000
 Y_HOMO         0.000         0.000         0.000         0.000         0.000
 Y_HOMO_1       0.000         0.000         0.000         0.000         0.000
 Y_HOMO_2       0.000         0.000         0.000         0.000         0.000
 Y_HOMO_7       0.000         0.000         0.000         0.000         0.000
 Y_HOMO_1       0.000         0.000         0.000         0.000         0.000
 Y_HOMO_2       0.000         0.000         0.000         0.000         0.000
 Y_HOMO_2       0.000         0.000         0.000         0.000         0.000
 Y_HOMO_3       0.000         0.000         0.000         0.000         0.000
 Y_HOMO_4       0.000         0.000         0.000         0.000         0.000
 Y_HOMO_4       0.000         0.000         0.000         0.000         0.000
 Y_HOMO_5       0.000         0.000         0.000         0.000         0.000


           THETA
              D_SABADO      Y_HOMO        Y_HOMO_1      Y_HOMO_2      Y_HOMO_7
              ________      ________      ________      ________      ________
 D_SABADO       0.062
 Y_HOMO         0.000         2.592
 Y_HOMO_1       0.000         0.000         2.595
 Y_HOMO_2       0.000         0.000         0.000         2.584
 Y_HOMO_7       0.000         0.000         0.000         0.000         2.593
 Y_HOMO_1       0.000         0.000         0.000         0.000         0.000
 Y_HOMO_2       0.000         0.000         0.000         0.000         0.000
 Y_HOMO_2       0.000         0.000         0.000         0.000         0.000
 Y_HOMO_3       0.000         0.000         0.000         0.000         0.000
 Y_HOMO_4       0.000         0.000         0.000         0.000         0.000
 Y_HOMO_4       0.000         0.000         0.000         0.000         0.000
 Y_HOMO_5       0.000         0.000         0.000         0.000         0.000


           THETA
              Y_HOMO_1      Y_HOMO_2      Y_HOMO_2      Y_HOMO_3      Y_HOMO_4
              ________      ________      ________      ________      ________
 Y_HOMO_1       2.583
 Y_HOMO_2       0.000         2.585
 Y_HOMO_2       0.000         0.000         2.589
 Y_HOMO_3       0.000         0.000         0.000         2.582
 Y_HOMO_4       0.000         0.000         0.000         0.000         2.589
 Y_HOMO_4       0.000         0.000         0.000         0.000         0.000
 Y_HOMO_5       0.000         0.000         0.000         0.000         0.000


           THETA
              Y_HOMO_4      Y_HOMO_5
              ________      ________
 Y_HOMO_4       2.553
 Y_HOMO_5       0.000         2.531


RESULTS SAVING INFORMATION

  Order of data

    Parameter estimates
     (saved in order shown in Technical 1 output)
    Standard errors
     (saved in order shown in Technical 1 output)
    StdYX standardized coefficients
     (saved in order shown in Technical 1 output)
    Standard errors for StdYX standardized coefficients
     (saved in order shown in Technical 1 output)
    StdY standardized coefficients
     (saved in order shown in Technical 1 output)
    Standard errors for StdY standardized coefficients
     (saved in order shown in Technical 1 output)
    Std standardized coefficients
     (saved in order shown in Technical 1 output)
    Standard errors for Std standardized coefficients
     (saved in order shown in Technical 1 output)
    Chi-square : Value
    Chi-square : Degrees of Freedom
    Chi-square : P-Value
    CFI
    TLI
    H0 Loglikelihood
    H1 Loglikelihood
    Number of Free Parameters
    Akaike (AIC)
    Bayesian (BIC)
    Sample-Size Adjusted BIC
    RMSEA : Estimate
    RMSEA : Low CI
    RMSEA : High CI
    RMSEA : Probability
    SRMR
    Condition Number

  Save file
    outp_4decls_nulo_bien.dat

  Save file format           Free


DIAGRAM INFORMATION

  Use View Diagram under the Diagram menu in the Mplus Editor to view the diagram.
  If running Mplus from the Mplus Diagrammer, the diagram opens automatically.

  Diagram output
    c:\users\jesus\dropbox\marcel elipe\mplus\datos definitivos\datos homocedas\modelo nulo bueno.dgm

     Beginning Time:  13:00:56
        Ending Time:  13:00:58
       Elapsed Time:  00:00:02



MUTHEN & MUTHEN
3463 Stoner Ave.
Los Angeles, CA  90066

Tel: (310) 391-9971
Fax: (310) 391-8971
Web: www.StatModel.com
Support: Support@StatModel.com

Copyright (c) 1998-2017 Muthen & Muthen
