Mplus VERSION 8
MUTHEN & MUTHEN
08/20/2018   4:25 PM

INPUT INSTRUCTIONS

  TITLE:  tabaquismo, modelo completo 2 niveles: intercept, AR(1)

  DATA:
    FILE IS "C:\Users\rosel\Dropbox\Marcel Elipe\Mplus\
    datos definitivos\datos homocedas\datos homocedasticos.dat";

  LISTWISE=ON;


  VARIABLE:
    NAMES ARE

   Id_dato dia semana dia_sema N_Suj Genero Edad	
   D_lunes D_martes D_mierco D_jueves D_vierne D_sabado	
   Y_ho	Y_ho_1 Y_ho_2 Y_ho_3 Y_ho_4	
   Y_ho_7 Y_ho_8 Y_ho_9
   Y_ho_14 Y_ho_15 Y_ho_16
   Y_ho_21 Y_ho_28 Y_ho_35 Y_ho_42 Y_ho_49 Y_ho_56 Y_ho_63;                        !Y_ho = Y



  MISSING ARE ALL (-9);


  USEVARIABLES ARE
   N_Suj  Genero Edad
   D_lunes D_martes D_mierco D_jueves D_vierne D_sabado	
   Y_ho	Y_ho_1 Y_ho_2                               !Y_ho_3 	
   Y_ho_7 Y_ho_14  Y_ho_21 Y_ho_28 Y_ho_35
   Y_ho_42 Y_ho_49 Y_ho_56;

  BETWEEN = Genero	Edad;
  WITHIN =  D_lunes D_martes D_mierco D_jueves D_vierne D_sabado	
        Y_ho_1 Y_ho_2                               !Y_ho_3 	 Y_ho	
           Y_ho_7 Y_ho_14  Y_ho_21 Y_ho_28 Y_ho_35
          Y_ho_42 Y_ho_49 Y_ho_56;
  CLUSTER = N_Suj;

  ANALYSIS:   TYPE = TWOLEVEL RANDOM;


  MODEL:
                           %WITHIN%
    s1 | Y_ho ON  Y_ho_1;	            !	constricción:      initial value out: *0.246 	(b1)
    s2 | Y_ho ON  Y_ho_7;	

    Y_ho ON
    D_lunes D_martes D_mierco D_jueves D_vierne D_sabado      !valores iniciales libres, per
    Y_ho_2                     !0.098 (b2)
                                      !Y_ho_3*0.0523  (b3)
                      !Y_ho_7                          !0.193(b7)
       Y_ho_14*0.087  (b14)                       !
      Y_ho_21*0.072   (b21)                      !
      Y_ho_28*0.065    (b28)                     !               	
      Y_ho_35*0.064   (b35)                      !          	
      Y_ho_42*0.053    (b42)                      !
      Y_ho_49*0.052    (b49)                      !
      Y_ho_56*0.051   (b56);                         !  ;

   Y_ho_1 WITH    Y_ho_2 (1);
                                          !Y_ho_2 WITH    Y_ho_3 (1);            !fijamos lo

                                              !distancia 1 dia
   Y_ho_7 WITH  Y_ho_14 (2);
   Y_ho_14 WITH  Y_ho_21 (2);                   !distancia 7 dias
   Y_ho_21 WITH  Y_ho_28 (2);
   Y_ho_28 WITH  Y_ho_35 (2);
   Y_ho_35 WITH  Y_ho_42 (2);
   Y_ho_42 WITH  Y_ho_49 (2);
   Y_ho_49 WITH  Y_ho_56 (2);

   Y_ho_7 WITH  Y_ho_21 (3);
   Y_ho_14 WITH  Y_ho_28 (3);                !distancia 14 dias
   Y_ho_21 WITH  Y_ho_35 (3);
   Y_ho_28 WITH  Y_ho_42 (3);
   Y_ho_35 WITH  Y_ho_49 (3);
   Y_ho_42 WITH  Y_ho_56 (3);

   Y_ho_7 WITH  Y_ho_28 (4);
   Y_ho_14 WITH  Y_ho_35 (4);               !distancia 21 dias
   Y_ho_21 WITH  Y_ho_42 (4);
   Y_ho_28 WITH  Y_ho_49 (4);
   Y_ho_35 WITH  Y_ho_56 (4);

   Y_ho_7 WITH  Y_ho_35 (5);
   Y_ho_14 WITH  Y_ho_42 (5);              !distancia 28 dias
   Y_ho_21 WITH  Y_ho_49 (5);
   Y_ho_28 WITH  Y_ho_56 (5);

   Y_ho_7 WITH  Y_ho_42 (6);
   Y_ho_14 WITH  Y_ho_49 (6);                !distancia 35 dias
   Y_ho_21 WITH  Y_ho_56 (6);


   Y_ho_1 Y_ho_2 Y_ho_7 Y_ho_14 (7)	    !fijamos las varianzas de las variables independient
   Y_ho_21 Y_ho_28 Y_ho_35 Y_ho_42 Y_ho_49 Y_ho_56(7);




              						  ![Y_ho_1   Y_ho_2   	Y_ho_7 Y_ho_14 ]	   (8)	
               						  ![Y_ho_21  Y_ho_28  Y_ho_35  Y_ho_42 Y_ho_49  Y_ho_56] (8);     ! Y_h

          %BETWEEN%
      Y_ho  ON 	Edad     Genero;

  MODEL CONSTRAINT:

                                   ! b1 > b2;
                                      ! b2 > b3;
                                ! b7>b14;
  b14>b21;
   b21>b28;
   b28>b35;
   b35>b42;
    b42>b49;
   b49>b56;




  ANALYSIS:


                  !TYPE IS GENERAL BASIC;

  ESTIMATOR IS ML;

  ITERATIONS = 500000;

  CONVERGENCE = 0.00005;


  OUTPUT:  STANDARDIZED;

   SAVEDATA:
  RESULTS ARE ouT_homo.dat;
  FORMAT IS F10.4;


  OUTPUT:
  TECH1;
  STANDARDIZED;




*** WARNING
  Input line exceeded 90 characters. Some input may be truncated.
    D_lunes D_martes D_mierco D_jueves D_vierne D_sabado      !valores iniciales libres, pero
*** WARNING
  Input line exceeded 90 characters. Some input may be truncated.
                                          !Y_ho_2 WITH    Y_ho_3 (1);            !fijamos los
*** WARNING
  Input line exceeded 90 characters. Some input may be truncated.
   Y_ho_1 Y_ho_2 Y_ho_7 Y_ho_14 (7)	    !fijamos las varianzas de las variables independiente
*** WARNING
  Input line exceeded 90 characters. Some input may be truncated.
               						  ![Y_ho_21  Y_ho_28  Y_ho_35  Y_ho_42 Y_ho_49  Y_ho_56] (8);     ! Y_ho
*** WARNING in OUTPUT command
  STANDARDIZED (STD, STDY, STDYX) options are available only for TYPE=TWOLEVEL RANDOM
  with ESTIMATOR=BAYES.  Request for STANDARDIZED (STD, STDY, STDYX) is ignored.
   5 WARNING(S) FOUND IN THE INPUT INSTRUCTIONS



tabaquismo, modelo completo 2 niveles: intercept, AR(1)

SUMMARY OF ANALYSIS

Number of groups                                                 1
Number of observations                                        1684

Number of dependent variables                                    1
Number of independent variables                                 18
Number of continuous latent variables                            2

Observed dependent variables

  Continuous
   Y_HO

Observed independent variables
   GENERO      EDAD        D_LUNES     D_MARTES    D_MIERCO    D_JUEVES
   D_VIERNE    D_SABADO    Y_HO_1      Y_HO_2      Y_HO_7      Y_HO_14
   Y_HO_21     Y_HO_28     Y_HO_35     Y_HO_42     Y_HO_49     Y_HO_56

Continuous latent variables
   S1          S2

Variables with special functions

  Cluster variable      N_SUJ

  Within variables
   D_LUNES     D_MARTES    D_MIERCO    D_JUEVES    D_VIERNE    D_SABADO
   Y_HO_1      Y_HO_2      Y_HO_7      Y_HO_14     Y_HO_21     Y_HO_28
   Y_HO_35     Y_HO_42     Y_HO_49     Y_HO_56

  Between variables
   GENERO      EDAD


Estimator                                                       ML
Information matrix                                        OBSERVED
Maximum number of iterations                                500000
Convergence criterion                                    0.500D-04
Maximum number of EM iterations                                500
Convergence criteria for the EM algorithm
  Loglikelihood change                                   0.100D-02
  Relative loglikelihood change                          0.100D-05
  Derivative                                             0.100D-03
Minimum variance                                         0.100D-03
Maximum number of steepest descent iterations                   20
Maximum number of iterations for H1                           2000
Convergence criterion for H1                             0.100D-03
Optimization algorithm                                         EMA

Input data file(s)
  C:\Users\rosel\Dropbox\Marcel Elipe\Mplus\datos definitivos\datos homocedas\da
Input data format  FREE


SUMMARY OF DATA

     Number of clusters                         62

     Average cluster size       27.161

     Estimated Intraclass Correlations for the Y Variables

                Intraclass              Intraclass              Intraclass
     Variable  Correlation   Variable  Correlation   Variable  Correlation

     Y_HO         0.003      Y_HO_1       0.000      Y_HO_2       0.000
     Y_HO_7       0.000      Y_HO_14      0.000      Y_HO_21      0.000
     Y_HO_28      0.000      Y_HO_35      0.000      Y_HO_42      0.000
     Y_HO_49      0.000      Y_HO_56      0.000




UNIVARIATE SAMPLE STATISTICS


     UNIVARIATE HIGHER-ORDER MOMENT DESCRIPTIVE STATISTICS

         Variable/         Mean/     Skewness/   Minimum/ % with                Percentiles
        Sample Size      Variance    Kurtosis    Maximum  Min/Max      20%/60%    40%/80%    Median

     Y_HO                  4.621       0.710       0.284    0.18%       2.768      3.771      4.221
            1684.000       5.100       0.276      12.758    0.06%       4.799      6.424
     Y_HO_1                4.615       0.721       0.284    0.18%       2.743      3.778      4.221
            1684.000       5.079       0.307      12.758    0.06%       4.786      6.360
     Y_HO_2                4.614       0.714       0.284    0.18%       2.743      3.773      4.242
            1684.000       5.064       0.326      12.758    0.12%       4.827      6.360
     Y_HO_7                4.652       0.711       0.284    0.30%       2.796      3.785      4.275
            1684.000       5.206       0.358      13.248    0.06%       4.903      6.443
     Y_HO_14               4.594       0.650       0.284    0.30%       2.671      3.744      4.221
            1684.000       5.229       0.227      13.248    0.06%       4.850      6.425
     Y_HO_21               4.528       0.610       0.284    0.18%       2.417      3.618      4.204
            1684.000       5.392       0.067      13.248    0.06%       4.891      6.445
     Y_HO_28               4.499       0.616       0.284    0.12%       2.400      3.601      4.170
            1684.000       5.317       0.084      13.248    0.06%       4.754      6.443
     Y_HO_35               4.467       0.555       0.284    0.06%       2.400      3.575      4.170
            1684.000       5.176      -0.073      12.758    0.12%       4.759      6.443
     Y_HO_42               4.478       0.536       0.284    0.06%       2.423      3.601      4.221
            1684.000       5.059      -0.089      12.758    0.06%       4.836      6.443
     Y_HO_49               4.525       0.518       0.284    0.06%       2.545      3.678      4.296
            1684.000       4.967      -0.036      12.758    0.12%       4.958      6.443
     Y_HO_56               4.546       0.580       0.284    0.06%       2.579      3.731      4.296
            1684.000       4.970       0.202      12.758    0.12%       4.958      6.433
     D_LUNES               0.138       2.095       0.000   86.16%       0.000      0.000      0.000
            1684.000       0.119       2.388       1.000   13.84%       0.000      0.000
     D_MARTES              0.140       2.080       0.000   86.05%       0.000      0.000      0.000
            1684.000       0.120       2.328       1.000   13.95%       0.000      0.000
     D_MIERCO              0.145       2.018       0.000   85.51%       0.000      0.000      0.000
            1684.000       0.124       2.071       1.000   14.49%       0.000      0.000
     D_JUEVES              0.145       2.018       0.000   85.51%       0.000      0.000      0.000
            1684.000       0.124       2.071       1.000   14.49%       0.000      0.000
     D_VIERNE              0.145       2.018       0.000   85.51%       0.000      0.000      0.000
            1684.000       0.124       2.071       1.000   14.49%       0.000      0.000
     D_SABADO              0.144       2.025       0.000   85.57%       0.000      0.000      0.000
            1684.000       0.123       2.099       1.000   14.43%       0.000      0.000
     GENERO                0.419       0.327       0.000   58.06%       0.000      0.000      0.000
              62.000       0.243      -1.893       1.000   41.94%       1.000      1.000
     EDAD                 20.452       0.769      18.000   29.03%      18.000     19.000     20.000
              62.000       5.764      -0.473      26.000    4.84%      21.000     22.000

     WARNING: THE MODEL ESTIMATION HAS REACHED A SADDLE POINT OR A POINT WHERE THE
     OBSERVED AND THE EXPECTED INFORMATION MATRICES DO NOT MATCH.
     AN ADJUSTMENT TO THE ESTIMATION OF THE INFORMATION MATRIX HAS BEEN MADE.
     THE CONDITION NUMBER IS      -0.293D-06.
     THE PROBLEM MAY ALSO BE RESOLVED BY DECREASING THE VALUE OF THE
     MCONVERGENCE OR LOGCRITERION OPTIONS OR BY CHANGING THE STARTING VALUES
     OR BY USING THE MLF ESTIMATOR.


THE MODEL ESTIMATION TERMINATED NORMALLY



MODEL FIT INFORMATION

Number of Free Parameters                       40

Loglikelihood

          H0 Value                      -31324.875

Information Criteria

          Akaike (AIC)                   62729.749
          Bayesian (BIC)                 62946.906
          Sample-Size Adjusted BIC       62819.831
            (n* = (n + 2) / 24)



MODEL RESULTS

                                                    Two-Tailed
                    Estimate       S.E.  Est./S.E.    P-Value

Within Level

 Y_HO       ON
    D_LUNES           -0.197      0.090     -2.177      0.029
    D_MARTES          -0.173      0.089     -1.932      0.053
    D_MIERCO          -0.120      0.090     -1.339      0.181
    D_JUEVES          -0.028      0.089     -0.315      0.753
    D_VIERNE          -0.173      0.103     -1.682      0.093
    D_SABADO          -0.221      0.114     -1.932      0.053
    Y_HO_2             0.179      0.030      5.991      0.000
    Y_HO_14            0.145      0.017      8.730      0.000
    Y_HO_21            0.145      0.017      8.730      0.000
    Y_HO_28            0.145      0.017      8.730      0.000
    Y_HO_35            0.145      0.017      8.730      0.000
    Y_HO_42            0.145      0.017      8.730      0.000
    Y_HO_49            0.145      0.017      8.730      0.000
    Y_HO_56            0.145      0.017      8.730      0.000

 Y_HO_1   WITH
    Y_HO_2             3.382      0.067     50.447      0.000

 Y_HO_7   WITH
    Y_HO_14            3.162      0.061     51.575      0.000
    Y_HO_21            2.731      0.052     52.300      0.000
    Y_HO_28            2.136      0.040     53.291      0.000
    Y_HO_35            1.425      0.031     46.181      0.000
    Y_HO_42            0.742      0.024     30.398      0.000

 Y_HO_14  WITH
    Y_HO_21            3.162      0.061     51.575      0.000
    Y_HO_28            2.731      0.052     52.300      0.000
    Y_HO_35            2.136      0.040     53.291      0.000
    Y_HO_42            1.425      0.031     46.181      0.000
    Y_HO_49            0.742      0.024     30.398      0.000

 Y_HO_21  WITH
    Y_HO_28            3.162      0.061     51.575      0.000
    Y_HO_35            2.731      0.052     52.300      0.000
    Y_HO_42            2.136      0.040     53.291      0.000
    Y_HO_49            1.425      0.031     46.181      0.000
    Y_HO_56            0.742      0.024     30.398      0.000

 Y_HO_28  WITH
    Y_HO_35            3.162      0.061     51.575      0.000
    Y_HO_42            2.731      0.052     52.300      0.000
    Y_HO_49            2.136      0.040     53.291      0.000
    Y_HO_56            1.425      0.031     46.181      0.000

 Y_HO_35  WITH
    Y_HO_42            3.162      0.061     51.575      0.000
    Y_HO_49            2.731      0.052     52.300      0.000
    Y_HO_56            2.136      0.040     53.291      0.000

 Y_HO_42  WITH
    Y_HO_49            3.162      0.061     51.575      0.000
    Y_HO_56            2.731      0.052     52.300      0.000

 Y_HO_49  WITH
    Y_HO_56            3.162      0.061     51.575      0.000

 Means
    Y_HO_1             4.615      0.049     93.523      0.000
    Y_HO_2             4.614      0.049     93.506      0.000
    Y_HO_7             4.652      0.049     94.279      0.000
    Y_HO_14            4.594      0.049     93.103      0.000
    Y_HO_21            4.528      0.049     91.769      0.000
    Y_HO_28            4.499      0.049     91.173      0.000
    Y_HO_35            4.467      0.049     90.526      0.000
    Y_HO_42            4.478      0.049     90.744      0.000
    Y_HO_49            4.525      0.049     91.702      0.000
    Y_HO_56            4.546      0.049     92.125      0.000

 Variances
    Y_HO_1             4.100      0.064     63.779      0.000
    Y_HO_2             4.100      0.064     63.779      0.000
    Y_HO_7             4.100      0.064     63.779      0.000
    Y_HO_14            4.100      0.064     63.779      0.000
    Y_HO_21            4.100      0.064     63.779      0.000
    Y_HO_28            4.100      0.064     63.779      0.000
    Y_HO_35            4.100      0.064     63.779      0.000
    Y_HO_42            4.100      0.064     63.779      0.000
    Y_HO_49            4.100      0.064     63.779      0.000
    Y_HO_56            4.100      0.064     63.779      0.000

 Residual Variances
    Y_HO               0.875      0.038     23.275      0.000

Between Level

 Y_HO       ON
    EDAD               0.066      0.038      1.757      0.079
    GENERO            -0.071      0.178     -0.398      0.691

 Means
    S1                 0.086      0.028      3.049      0.002
    S2                 0.023      0.026      0.886      0.376

 Intercepts
    Y_HO              -2.428      0.209    -11.592      0.000

 Variances
    S1                 0.008      0.007      1.087      0.277
    S2                 0.002      0.005      0.295      0.768

 Residual Variances
    Y_HO               0.271      0.209      1.297      0.195


QUALITY OF NUMERICAL RESULTS

     Condition Number for the Information Matrix             -0.293E-06
       (ratio of smallest to largest eigenvalue)


TECHNICAL 1 OUTPUT


     PARAMETER SPECIFICATION FOR WITHIN


           NU
              Y_HO          Y_HO_1        Y_HO_2        Y_HO_7        Y_HO_14
              ________      ________      ________      ________      ________
                    0             0             0             0             0


           NU
              Y_HO_21       Y_HO_28       Y_HO_35       Y_HO_42       Y_HO_49
              ________      ________      ________      ________      ________
                    0             0             0             0             0


           NU
              Y_HO_56       D_LUNES       D_MARTES      D_MIERCO      D_JUEVES
              ________      ________      ________      ________      ________
                    0             0             0             0             0


           NU
              D_VIERNE      D_SABADO
              ________      ________
                    0             0


           LAMBDA
              Y_HO          Y_HO_1        Y_HO_2        Y_HO_7        Y_HO_14
              ________      ________      ________      ________      ________
 Y_HO               0             0             0             0             0
 Y_HO_1             0             0             0             0             0
 Y_HO_2             0             0             0             0             0
 Y_HO_7             0             0             0             0             0
 Y_HO_14            0             0             0             0             0
 Y_HO_21            0             0             0             0             0
 Y_HO_28            0             0             0             0             0
 Y_HO_35            0             0             0             0             0
 Y_HO_42            0             0             0             0             0
 Y_HO_49            0             0             0             0             0
 Y_HO_56            0             0             0             0             0
 D_LUNES            0             0             0             0             0
 D_MARTES           0             0             0             0             0
 D_MIERCO           0             0             0             0             0
 D_JUEVES           0             0             0             0             0
 D_VIERNE           0             0             0             0             0
 D_SABADO           0             0             0             0             0


           LAMBDA
              Y_HO_21       Y_HO_28       Y_HO_35       Y_HO_42       Y_HO_49
              ________      ________      ________      ________      ________
 Y_HO               0             0             0             0             0
 Y_HO_1             0             0             0             0             0
 Y_HO_2             0             0             0             0             0
 Y_HO_7             0             0             0             0             0
 Y_HO_14            0             0             0             0             0
 Y_HO_21            0             0             0             0             0
 Y_HO_28            0             0             0             0             0
 Y_HO_35            0             0             0             0             0
 Y_HO_42            0             0             0             0             0
 Y_HO_49            0             0             0             0             0
 Y_HO_56            0             0             0             0             0
 D_LUNES            0             0             0             0             0
 D_MARTES           0             0             0             0             0
 D_MIERCO           0             0             0             0             0
 D_JUEVES           0             0             0             0             0
 D_VIERNE           0             0             0             0             0
 D_SABADO           0             0             0             0             0


           LAMBDA
              Y_HO_56       D_LUNES       D_MARTES      D_MIERCO      D_JUEVES
              ________      ________      ________      ________      ________
 Y_HO               0             0             0             0             0
 Y_HO_1             0             0             0             0             0
 Y_HO_2             0             0             0             0             0
 Y_HO_7             0             0             0             0             0
 Y_HO_14            0             0             0             0             0
 Y_HO_21            0             0             0             0             0
 Y_HO_28            0             0             0             0             0
 Y_HO_35            0             0             0             0             0
 Y_HO_42            0             0             0             0             0
 Y_HO_49            0             0             0             0             0
 Y_HO_56            0             0             0             0             0
 D_LUNES            0             0             0             0             0
 D_MARTES           0             0             0             0             0
 D_MIERCO           0             0             0             0             0
 D_JUEVES           0             0             0             0             0
 D_VIERNE           0             0             0             0             0
 D_SABADO           0             0             0             0             0


           LAMBDA
              D_VIERNE      D_SABADO
              ________      ________
 Y_HO               0             0
 Y_HO_1             0             0
 Y_HO_2             0             0
 Y_HO_7             0             0
 Y_HO_14            0             0
 Y_HO_21            0             0
 Y_HO_28            0             0
 Y_HO_35            0             0
 Y_HO_42            0             0
 Y_HO_49            0             0
 Y_HO_56            0             0
 D_LUNES            0             0
 D_MARTES           0             0
 D_MIERCO           0             0
 D_JUEVES           0             0
 D_VIERNE           0             0
 D_SABADO           0             0


           THETA
              Y_HO          Y_HO_1        Y_HO_2        Y_HO_7        Y_HO_14
              ________      ________      ________      ________      ________
 Y_HO               0
 Y_HO_1             0             0
 Y_HO_2             0             0             0
 Y_HO_7             0             0             0             0
 Y_HO_14            0             0             0             0             0
 Y_HO_21            0             0             0             0             0
 Y_HO_28            0             0             0             0             0
 Y_HO_35            0             0             0             0             0
 Y_HO_42            0             0             0             0             0
 Y_HO_49            0             0             0             0             0
 Y_HO_56            0             0             0             0             0
 D_LUNES            0             0             0             0             0
 D_MARTES           0             0             0             0             0
 D_MIERCO           0             0             0             0             0
 D_JUEVES           0             0             0             0             0
 D_VIERNE           0             0             0             0             0
 D_SABADO           0             0             0             0             0


           THETA
              Y_HO_21       Y_HO_28       Y_HO_35       Y_HO_42       Y_HO_49
              ________      ________      ________      ________      ________
 Y_HO_21            0
 Y_HO_28            0             0
 Y_HO_35            0             0             0
 Y_HO_42            0             0             0             0
 Y_HO_49            0             0             0             0             0
 Y_HO_56            0             0             0             0             0
 D_LUNES            0             0             0             0             0
 D_MARTES           0             0             0             0             0
 D_MIERCO           0             0             0             0             0
 D_JUEVES           0             0             0             0             0
 D_VIERNE           0             0             0             0             0
 D_SABADO           0             0             0             0             0


           THETA
              Y_HO_56       D_LUNES       D_MARTES      D_MIERCO      D_JUEVES
              ________      ________      ________      ________      ________
 Y_HO_56            0
 D_LUNES            0             0
 D_MARTES           0             0             0
 D_MIERCO           0             0             0             0
 D_JUEVES           0             0             0             0             0
 D_VIERNE           0             0             0             0             0
 D_SABADO           0             0             0             0             0


           THETA
              D_VIERNE      D_SABADO
              ________      ________
 D_VIERNE           0
 D_SABADO           0             0


           ALPHA
              Y_HO          Y_HO_1        Y_HO_2        Y_HO_7        Y_HO_14
              ________      ________      ________      ________      ________
                    0             1             2             3             4


           ALPHA
              Y_HO_21       Y_HO_28       Y_HO_35       Y_HO_42       Y_HO_49
              ________      ________      ________      ________      ________
                    5             6             7             8             9


           ALPHA
              Y_HO_56       D_LUNES       D_MARTES      D_MIERCO      D_JUEVES
              ________      ________      ________      ________      ________
                   10             0             0             0             0


           ALPHA
              D_VIERNE      D_SABADO
              ________      ________
                    0             0


           BETA
              Y_HO          Y_HO_1        Y_HO_2        Y_HO_7        Y_HO_14
              ________      ________      ________      ________      ________
 Y_HO               0             0            11             0            12
 Y_HO_1             0             0             0             0             0
 Y_HO_2             0             0             0             0             0
 Y_HO_7             0             0             0             0             0
 Y_HO_14            0             0             0             0             0
 Y_HO_21            0             0             0             0             0
 Y_HO_28            0             0             0             0             0
 Y_HO_35            0             0             0             0             0
 Y_HO_42            0             0             0             0             0
 Y_HO_49            0             0             0             0             0
 Y_HO_56            0             0             0             0             0
 D_LUNES            0             0             0             0             0
 D_MARTES           0             0             0             0             0
 D_MIERCO           0             0             0             0             0
 D_JUEVES           0             0             0             0             0
 D_VIERNE           0             0             0             0             0
 D_SABADO           0             0             0             0             0


           BETA
              Y_HO_21       Y_HO_28       Y_HO_35       Y_HO_42       Y_HO_49
              ________      ________      ________      ________      ________
 Y_HO              13            14            15            16            17
 Y_HO_1             0             0             0             0             0
 Y_HO_2             0             0             0             0             0
 Y_HO_7             0             0             0             0             0
 Y_HO_14            0             0             0             0             0
 Y_HO_21            0             0             0             0             0
 Y_HO_28            0             0             0             0             0
 Y_HO_35            0             0             0             0             0
 Y_HO_42            0             0             0             0             0
 Y_HO_49            0             0             0             0             0
 Y_HO_56            0             0             0             0             0
 D_LUNES            0             0             0             0             0
 D_MARTES           0             0             0             0             0
 D_MIERCO           0             0             0             0             0
 D_JUEVES           0             0             0             0             0
 D_VIERNE           0             0             0             0             0
 D_SABADO           0             0             0             0             0


           BETA
              Y_HO_56       D_LUNES       D_MARTES      D_MIERCO      D_JUEVES
              ________      ________      ________      ________      ________
 Y_HO              18            19            20            21            22
 Y_HO_1             0             0             0             0             0
 Y_HO_2             0             0             0             0             0
 Y_HO_7             0             0             0             0             0
 Y_HO_14            0             0             0             0             0
 Y_HO_21            0             0             0             0             0
 Y_HO_28            0             0             0             0             0
 Y_HO_35            0             0             0             0             0
 Y_HO_42            0             0             0             0             0
 Y_HO_49            0             0             0             0             0
 Y_HO_56            0             0             0             0             0
 D_LUNES            0             0             0             0             0
 D_MARTES           0             0             0             0             0
 D_MIERCO           0             0             0             0             0
 D_JUEVES           0             0             0             0             0
 D_VIERNE           0             0             0             0             0
 D_SABADO           0             0             0             0             0


           BETA
              D_VIERNE      D_SABADO
              ________      ________
 Y_HO              23            24
 Y_HO_1             0             0
 Y_HO_2             0             0
 Y_HO_7             0             0
 Y_HO_14            0             0
 Y_HO_21            0             0
 Y_HO_28            0             0
 Y_HO_35            0             0
 Y_HO_42            0             0
 Y_HO_49            0             0
 Y_HO_56            0             0
 D_LUNES            0             0
 D_MARTES           0             0
 D_MIERCO           0             0
 D_JUEVES           0             0
 D_VIERNE           0             0
 D_SABADO           0             0


           PSI
              Y_HO          Y_HO_1        Y_HO_2        Y_HO_7        Y_HO_14
              ________      ________      ________      ________      ________
 Y_HO              25
 Y_HO_1             0            26
 Y_HO_2             0            27            26
 Y_HO_7             0             0             0            26
 Y_HO_14            0             0             0            28            26
 Y_HO_21            0             0             0            29            28
 Y_HO_28            0             0             0            30            29
 Y_HO_35            0             0             0            31            30
 Y_HO_42            0             0             0            32            31
 Y_HO_49            0             0             0             0            32
 Y_HO_56            0             0             0             0             0
 D_LUNES            0             0             0             0             0
 D_MARTES           0             0             0             0             0
 D_MIERCO           0             0             0             0             0
 D_JUEVES           0             0             0             0             0
 D_VIERNE           0             0             0             0             0
 D_SABADO           0             0             0             0             0


           PSI
              Y_HO_21       Y_HO_28       Y_HO_35       Y_HO_42       Y_HO_49
              ________      ________      ________      ________      ________
 Y_HO_21           26
 Y_HO_28           28            26
 Y_HO_35           29            28            26
 Y_HO_42           30            29            28            26
 Y_HO_49           31            30            29            28            26
 Y_HO_56           32            31            30            29            28
 D_LUNES            0             0             0             0             0
 D_MARTES           0             0             0             0             0
 D_MIERCO           0             0             0             0             0
 D_JUEVES           0             0             0             0             0
 D_VIERNE           0             0             0             0             0
 D_SABADO           0             0             0             0             0


           PSI
              Y_HO_56       D_LUNES       D_MARTES      D_MIERCO      D_JUEVES
              ________      ________      ________      ________      ________
 Y_HO_56           26
 D_LUNES            0             0
 D_MARTES           0             0             0
 D_MIERCO           0             0             0             0
 D_JUEVES           0             0             0             0             0
 D_VIERNE           0             0             0             0             0
 D_SABADO           0             0             0             0             0


           PSI
              D_VIERNE      D_SABADO
              ________      ________
 D_VIERNE           0
 D_SABADO           0             0


     PARAMETER SPECIFICATION FOR BETWEEN


           NU
              Y_HO          GENERO        EDAD
              ________      ________      ________
                    0             0             0


           LAMBDA
              S1            S2            Y_HO          GENERO        EDAD
              ________      ________      ________      ________      ________
 Y_HO               0             0             0             0             0
 GENERO             0             0             0             0             0
 EDAD               0             0             0             0             0


           THETA
              Y_HO          GENERO        EDAD
              ________      ________      ________
 Y_HO               0
 GENERO             0             0
 EDAD               0             0             0


           ALPHA
              S1            S2            Y_HO          GENERO        EDAD
              ________      ________      ________      ________      ________
                   33            34            35             0             0


           BETA
              S1            S2            Y_HO          GENERO        EDAD
              ________      ________      ________      ________      ________
 S1                 0             0             0             0             0
 S2                 0             0             0             0             0
 Y_HO               0             0             0            36            37
 GENERO             0             0             0             0             0
 EDAD               0             0             0             0             0


           PSI
              S1            S2            Y_HO          GENERO        EDAD
              ________      ________      ________      ________      ________
 S1                38
 S2                 0            39
 Y_HO               0             0            40
 GENERO             0             0             0             0
 EDAD               0             0             0             0             0


     STARTING VALUES FOR WITHIN


           NU
              Y_HO          Y_HO_1        Y_HO_2        Y_HO_7        Y_HO_14
              ________      ________      ________      ________      ________
                0.000         0.000         0.000         0.000         0.000


           NU
              Y_HO_21       Y_HO_28       Y_HO_35       Y_HO_42       Y_HO_49
              ________      ________      ________      ________      ________
                0.000         0.000         0.000         0.000         0.000


           NU
              Y_HO_56       D_LUNES       D_MARTES      D_MIERCO      D_JUEVES
              ________      ________      ________      ________      ________
                0.000         0.000         0.000         0.000         0.000


           NU
              D_VIERNE      D_SABADO
              ________      ________
                0.000         0.000


           LAMBDA
              Y_HO          Y_HO_1        Y_HO_2        Y_HO_7        Y_HO_14
              ________      ________      ________      ________      ________
 Y_HO           1.000         0.000         0.000         0.000         0.000
 Y_HO_1         0.000         1.000         0.000         0.000         0.000
 Y_HO_2         0.000         0.000         1.000         0.000         0.000
 Y_HO_7         0.000         0.000         0.000         1.000         0.000
 Y_HO_14        0.000         0.000         0.000         0.000         1.000
 Y_HO_21        0.000         0.000         0.000         0.000         0.000
 Y_HO_28        0.000         0.000         0.000         0.000         0.000
 Y_HO_35        0.000         0.000         0.000         0.000         0.000
 Y_HO_42        0.000         0.000         0.000         0.000         0.000
 Y_HO_49        0.000         0.000         0.000         0.000         0.000
 Y_HO_56        0.000         0.000         0.000         0.000         0.000
 D_LUNES        0.000         0.000         0.000         0.000         0.000
 D_MARTES       0.000         0.000         0.000         0.000         0.000
 D_MIERCO       0.000         0.000         0.000         0.000         0.000
 D_JUEVES       0.000         0.000         0.000         0.000         0.000
 D_VIERNE       0.000         0.000         0.000         0.000         0.000
 D_SABADO       0.000         0.000         0.000         0.000         0.000


           LAMBDA
              Y_HO_21       Y_HO_28       Y_HO_35       Y_HO_42       Y_HO_49
              ________      ________      ________      ________      ________
 Y_HO           0.000         0.000         0.000         0.000         0.000
 Y_HO_1         0.000         0.000         0.000         0.000         0.000
 Y_HO_2         0.000         0.000         0.000         0.000         0.000
 Y_HO_7         0.000         0.000         0.000         0.000         0.000
 Y_HO_14        0.000         0.000         0.000         0.000         0.000
 Y_HO_21        1.000         0.000         0.000         0.000         0.000
 Y_HO_28        0.000         1.000         0.000         0.000         0.000
 Y_HO_35        0.000         0.000         1.000         0.000         0.000
 Y_HO_42        0.000         0.000         0.000         1.000         0.000
 Y_HO_49        0.000         0.000         0.000         0.000         1.000
 Y_HO_56        0.000         0.000         0.000         0.000         0.000
 D_LUNES        0.000         0.000         0.000         0.000         0.000
 D_MARTES       0.000         0.000         0.000         0.000         0.000
 D_MIERCO       0.000         0.000         0.000         0.000         0.000
 D_JUEVES       0.000         0.000         0.000         0.000         0.000
 D_VIERNE       0.000         0.000         0.000         0.000         0.000
 D_SABADO       0.000         0.000         0.000         0.000         0.000


           LAMBDA
              Y_HO_56       D_LUNES       D_MARTES      D_MIERCO      D_JUEVES
              ________      ________      ________      ________      ________
 Y_HO           0.000         0.000         0.000         0.000         0.000
 Y_HO_1         0.000         0.000         0.000         0.000         0.000
 Y_HO_2         0.000         0.000         0.000         0.000         0.000
 Y_HO_7         0.000         0.000         0.000         0.000         0.000
 Y_HO_14        0.000         0.000         0.000         0.000         0.000
 Y_HO_21        0.000         0.000         0.000         0.000         0.000
 Y_HO_28        0.000         0.000         0.000         0.000         0.000
 Y_HO_35        0.000         0.000         0.000         0.000         0.000
 Y_HO_42        0.000         0.000         0.000         0.000         0.000
 Y_HO_49        0.000         0.000         0.000         0.000         0.000
 Y_HO_56        1.000         0.000         0.000         0.000         0.000
 D_LUNES        0.000         1.000         0.000         0.000         0.000
 D_MARTES       0.000         0.000         1.000         0.000         0.000
 D_MIERCO       0.000         0.000         0.000         1.000         0.000
 D_JUEVES       0.000         0.000         0.000         0.000         1.000
 D_VIERNE       0.000         0.000         0.000         0.000         0.000
 D_SABADO       0.000         0.000         0.000         0.000         0.000


           LAMBDA
              D_VIERNE      D_SABADO
              ________      ________
 Y_HO           0.000         0.000
 Y_HO_1         0.000         0.000
 Y_HO_2         0.000         0.000
 Y_HO_7         0.000         0.000
 Y_HO_14        0.000         0.000
 Y_HO_21        0.000         0.000
 Y_HO_28        0.000         0.000
 Y_HO_35        0.000         0.000
 Y_HO_42        0.000         0.000
 Y_HO_49        0.000         0.000
 Y_HO_56        0.000         0.000
 D_LUNES        0.000         0.000
 D_MARTES       0.000         0.000
 D_MIERCO       0.000         0.000
 D_JUEVES       0.000         0.000
 D_VIERNE       1.000         0.000
 D_SABADO       0.000         1.000


           THETA
              Y_HO          Y_HO_1        Y_HO_2        Y_HO_7        Y_HO_14
              ________      ________      ________      ________      ________
 Y_HO           0.000
 Y_HO_1         0.000         0.000
 Y_HO_2         0.000         0.000         0.000
 Y_HO_7         0.000         0.000         0.000         0.000
 Y_HO_14        0.000         0.000         0.000         0.000         0.000
 Y_HO_21        0.000         0.000         0.000         0.000         0.000
 Y_HO_28        0.000         0.000         0.000         0.000         0.000
 Y_HO_35        0.000         0.000         0.000         0.000         0.000
 Y_HO_42        0.000         0.000         0.000         0.000         0.000
 Y_HO_49        0.000         0.000         0.000         0.000         0.000
 Y_HO_56        0.000         0.000         0.000         0.000         0.000
 D_LUNES        0.000         0.000         0.000         0.000         0.000
 D_MARTES       0.000         0.000         0.000         0.000         0.000
 D_MIERCO       0.000         0.000         0.000         0.000         0.000
 D_JUEVES       0.000         0.000         0.000         0.000         0.000
 D_VIERNE       0.000         0.000         0.000         0.000         0.000
 D_SABADO       0.000         0.000         0.000         0.000         0.000


           THETA
              Y_HO_21       Y_HO_28       Y_HO_35       Y_HO_42       Y_HO_49
              ________      ________      ________      ________      ________
 Y_HO_21        0.000
 Y_HO_28        0.000         0.000
 Y_HO_35        0.000         0.000         0.000
 Y_HO_42        0.000         0.000         0.000         0.000
 Y_HO_49        0.000         0.000         0.000         0.000         0.000
 Y_HO_56        0.000         0.000         0.000         0.000         0.000
 D_LUNES        0.000         0.000         0.000         0.000         0.000
 D_MARTES       0.000         0.000         0.000         0.000         0.000
 D_MIERCO       0.000         0.000         0.000         0.000         0.000
 D_JUEVES       0.000         0.000         0.000         0.000         0.000
 D_VIERNE       0.000         0.000         0.000         0.000         0.000
 D_SABADO       0.000         0.000         0.000         0.000         0.000


           THETA
              Y_HO_56       D_LUNES       D_MARTES      D_MIERCO      D_JUEVES
              ________      ________      ________      ________      ________
 Y_HO_56        0.000
 D_LUNES        0.000         0.000
 D_MARTES       0.000         0.000         0.000
 D_MIERCO       0.000         0.000         0.000         0.000
 D_JUEVES       0.000         0.000         0.000         0.000         0.000
 D_VIERNE       0.000         0.000         0.000         0.000         0.000
 D_SABADO       0.000         0.000         0.000         0.000         0.000


           THETA
              D_VIERNE      D_SABADO
              ________      ________
 D_VIERNE       0.000
 D_SABADO       0.000         0.000


           ALPHA
              Y_HO          Y_HO_1        Y_HO_2        Y_HO_7        Y_HO_14
              ________      ________      ________      ________      ________
                0.000         4.615         4.614         4.652         4.594


           ALPHA
              Y_HO_21       Y_HO_28       Y_HO_35       Y_HO_42       Y_HO_49
              ________      ________      ________      ________      ________
                4.528         4.499         4.467         4.478         4.525


           ALPHA
              Y_HO_56       D_LUNES       D_MARTES      D_MIERCO      D_JUEVES
              ________      ________      ________      ________      ________
                4.546         0.000         0.000         0.000         0.000


           ALPHA
              D_VIERNE      D_SABADO
              ________      ________
                0.000         0.000


           BETA
              Y_HO          Y_HO_1        Y_HO_2        Y_HO_7        Y_HO_14
              ________      ________      ________      ________      ________
 Y_HO           0.000         0.000         0.000         0.000         0.087
 Y_HO_1         0.000         0.000         0.000         0.000         0.000
 Y_HO_2         0.000         0.000         0.000         0.000         0.000
 Y_HO_7         0.000         0.000         0.000         0.000         0.000
 Y_HO_14        0.000         0.000         0.000         0.000         0.000
 Y_HO_21        0.000         0.000         0.000         0.000         0.000
 Y_HO_28        0.000         0.000         0.000         0.000         0.000
 Y_HO_35        0.000         0.000         0.000         0.000         0.000
 Y_HO_42        0.000         0.000         0.000         0.000         0.000
 Y_HO_49        0.000         0.000         0.000         0.000         0.000
 Y_HO_56        0.000         0.000         0.000         0.000         0.000
 D_LUNES        0.000         0.000         0.000         0.000         0.000
 D_MARTES       0.000         0.000         0.000         0.000         0.000
 D_MIERCO       0.000         0.000         0.000         0.000         0.000
 D_JUEVES       0.000         0.000         0.000         0.000         0.000
 D_VIERNE       0.000         0.000         0.000         0.000         0.000
 D_SABADO       0.000         0.000         0.000         0.000         0.000


           BETA
              Y_HO_21       Y_HO_28       Y_HO_35       Y_HO_42       Y_HO_49
              ________      ________      ________      ________      ________
 Y_HO           0.072         0.065         0.064         0.053         0.052
 Y_HO_1         0.000         0.000         0.000         0.000         0.000
 Y_HO_2         0.000         0.000         0.000         0.000         0.000
 Y_HO_7         0.000         0.000         0.000         0.000         0.000
 Y_HO_14        0.000         0.000         0.000         0.000         0.000
 Y_HO_21        0.000         0.000         0.000         0.000         0.000
 Y_HO_28        0.000         0.000         0.000         0.000         0.000
 Y_HO_35        0.000         0.000         0.000         0.000         0.000
 Y_HO_42        0.000         0.000         0.000         0.000         0.000
 Y_HO_49        0.000         0.000         0.000         0.000         0.000
 Y_HO_56        0.000         0.000         0.000         0.000         0.000
 D_LUNES        0.000         0.000         0.000         0.000         0.000
 D_MARTES       0.000         0.000         0.000         0.000         0.000
 D_MIERCO       0.000         0.000         0.000         0.000         0.000
 D_JUEVES       0.000         0.000         0.000         0.000         0.000
 D_VIERNE       0.000         0.000         0.000         0.000         0.000
 D_SABADO       0.000         0.000         0.000         0.000         0.000


           BETA
              Y_HO_56       D_LUNES       D_MARTES      D_MIERCO      D_JUEVES
              ________      ________      ________      ________      ________
 Y_HO           0.051         0.000         0.000         0.000         0.000
 Y_HO_1         0.000         0.000         0.000         0.000         0.000
 Y_HO_2         0.000         0.000         0.000         0.000         0.000
 Y_HO_7         0.000         0.000         0.000         0.000         0.000
 Y_HO_14        0.000         0.000         0.000         0.000         0.000
 Y_HO_21        0.000         0.000         0.000         0.000         0.000
 Y_HO_28        0.000         0.000         0.000         0.000         0.000
 Y_HO_35        0.000         0.000         0.000         0.000         0.000
 Y_HO_42        0.000         0.000         0.000         0.000         0.000
 Y_HO_49        0.000         0.000         0.000         0.000         0.000
 Y_HO_56        0.000         0.000         0.000         0.000         0.000
 D_LUNES        0.000         0.000         0.000         0.000         0.000
 D_MARTES       0.000         0.000         0.000         0.000         0.000
 D_MIERCO       0.000         0.000         0.000         0.000         0.000
 D_JUEVES       0.000         0.000         0.000         0.000         0.000
 D_VIERNE       0.000         0.000         0.000         0.000         0.000
 D_SABADO       0.000         0.000         0.000         0.000         0.000


           BETA
              D_VIERNE      D_SABADO
              ________      ________
 Y_HO           0.000         0.000
 Y_HO_1         0.000         0.000
 Y_HO_2         0.000         0.000
 Y_HO_7         0.000         0.000
 Y_HO_14        0.000         0.000
 Y_HO_21        0.000         0.000
 Y_HO_28        0.000         0.000
 Y_HO_35        0.000         0.000
 Y_HO_42        0.000         0.000
 Y_HO_49        0.000         0.000
 Y_HO_56        0.000         0.000
 D_LUNES        0.000         0.000
 D_MARTES       0.000         0.000
 D_MIERCO       0.000         0.000
 D_JUEVES       0.000         0.000
 D_VIERNE       0.000         0.000
 D_SABADO       0.000         0.000


           PSI
              Y_HO          Y_HO_1        Y_HO_2        Y_HO_7        Y_HO_14
              ________      ________      ________      ________      ________
 Y_HO           2.550
 Y_HO_1         0.000         2.540
 Y_HO_2         0.000         0.000         2.532
 Y_HO_7         0.000         0.000         0.000         2.603
 Y_HO_14        0.000         0.000         0.000         0.000         2.614
 Y_HO_21        0.000         0.000         0.000         0.000         0.000
 Y_HO_28        0.000         0.000         0.000         0.000         0.000
 Y_HO_35        0.000         0.000         0.000         0.000         0.000
 Y_HO_42        0.000         0.000         0.000         0.000         0.000
 Y_HO_49        0.000         0.000         0.000         0.000         0.000
 Y_HO_56        0.000         0.000         0.000         0.000         0.000
 D_LUNES        0.000         0.000         0.000         0.000         0.000
 D_MARTES       0.000         0.000         0.000         0.000         0.000
 D_MIERCO       0.000         0.000         0.000         0.000         0.000
 D_JUEVES       0.000         0.000         0.000         0.000         0.000
 D_VIERNE       0.000         0.000         0.000         0.000         0.000
 D_SABADO       0.000         0.000         0.000         0.000         0.000


           PSI
              Y_HO_21       Y_HO_28       Y_HO_35       Y_HO_42       Y_HO_49
              ________      ________      ________      ________      ________
 Y_HO_21        2.696
 Y_HO_28        0.000         2.658
 Y_HO_35        0.000         0.000         2.588
 Y_HO_42        0.000         0.000         0.000         2.529
 Y_HO_49        0.000         0.000         0.000         0.000         2.483
 Y_HO_56        0.000         0.000         0.000         0.000         0.000
 D_LUNES        0.000         0.000         0.000         0.000         0.000
 D_MARTES       0.000         0.000         0.000         0.000         0.000
 D_MIERCO       0.000         0.000         0.000         0.000         0.000
 D_JUEVES       0.000         0.000         0.000         0.000         0.000
 D_VIERNE       0.000         0.000         0.000         0.000         0.000
 D_SABADO       0.000         0.000         0.000         0.000         0.000


           PSI
              Y_HO_56       D_LUNES       D_MARTES      D_MIERCO      D_JUEVES
              ________      ________      ________      ________      ________
 Y_HO_56        2.485
 D_LUNES        0.000         0.060
 D_MARTES       0.000         0.000         0.060
 D_MIERCO       0.000         0.000         0.000         0.062
 D_JUEVES       0.000         0.000         0.000         0.000         0.062
 D_VIERNE       0.000         0.000         0.000         0.000         0.000
 D_SABADO       0.000         0.000         0.000         0.000         0.000


           PSI
              D_VIERNE      D_SABADO
              ________      ________
 D_VIERNE       0.062
 D_SABADO       0.000         0.062


     STARTING VALUES FOR BETWEEN


           NU
              Y_HO          GENERO        EDAD
              ________      ________      ________
                0.000         0.000         0.000


           LAMBDA
              S1            S2            Y_HO          GENERO        EDAD
              ________      ________      ________      ________      ________
 Y_HO           0.000         0.000         1.000         0.000         0.000
 GENERO         0.000         0.000         0.000         1.000         0.000
 EDAD           0.000         0.000         0.000         0.000         1.000


           THETA
              Y_HO          GENERO        EDAD
              ________      ________      ________
 Y_HO           0.000
 GENERO         0.000         0.000
 EDAD           0.000         0.000         0.000


           ALPHA
              S1            S2            Y_HO          GENERO        EDAD
              ________      ________      ________      ________      ________
                0.000         0.000         4.621         0.000         0.000


           BETA
              S1            S2            Y_HO          GENERO        EDAD
              ________      ________      ________      ________      ________
 S1             0.000         0.000         0.000         0.000         0.000
 S2             0.000         0.000         0.000         0.000         0.000
 Y_HO           0.000         0.000         0.000         0.000         0.000
 GENERO         0.000         0.000         0.000         0.000         0.000
 EDAD           0.000         0.000         0.000         0.000         0.000


           PSI
              S1            S2            Y_HO          GENERO        EDAD
              ________      ________      ________      ________      ________
 S1             1.000
 S2             0.000         1.000
 Y_HO           0.000         0.000         2.550
 GENERO         0.000         0.000         0.000         0.122
 EDAD           0.000         0.000         0.000         0.000         2.885


RESULTS SAVING INFORMATION

  Order of data

    Parameter estimates
     (saved in order shown in Technical 1 output)
    Standard errors
     (saved in order shown in Technical 1 output)
    H0 Loglikelihood
    Number of Free Parameters
    Akaike (AIC)
    Bayesian (BIC)
    Sample-Size Adjusted BIC
    Condition Number

  Save file
    ouT_homo.dat

  Save file format           Free


DIAGRAM INFORMATION

  Mplus diagrams are currently not available for multilevel analysis.
  No diagram output was produced.


     Beginning Time:  16:25:00
        Ending Time:  16:25:08
       Elapsed Time:  00:00:08



MUTHEN & MUTHEN
3463 Stoner Ave.
Los Angeles, CA  90066

Tel: (310) 391-9971
Fax: (310) 391-8971
Web: www.StatModel.com
Support: Support@StatModel.com

Copyright (c) 1998-2017 Muthen & Muthen
