Mplus VERSION 8
MUTHEN & MUTHEN
01/18/2018   5:28 PM

INPUT INSTRUCTIONS

  TITLE:  tabaquismo

  DATA:
    FILE IS "C:\Users\rosel\Dropbox\Marcel Elipe\Mplus\
    datos definitivos\datos homocedas\datos homocedasticos.dat";

  LISTWISE=ON;


  VARIABLE:
    NAMES ARE

   Id_dato dia semana dia_sema N_Suj Genero Edad	
   D_lunes D_martes D_mierco D_jueves D_vierne D_sabado	
   Y_homo	Y_homo_1 Y_homo_2 Y_homo_3 Y_homo_4	
   Y_homo_7 Y_homo_8 Y_homo_9
   Y_homo_14 Y_homo_15 Y_homo_16
   Y_homo_21 Y_homo_28 Y_homo_35 Y_homo_42 Y_homo_49 Y_homo_56 Y_homo_63;



  MISSING ARE ALL (-9);


  USEVARIABLES ARE
   D_lunes D_martes D_mierco D_jueves D_vierne D_sabado	
   Y_homo	Y_homo_1 Y_homo_2                               !Y_homo_3 	
   Y_homo_7 Y_homo_14  Y_homo_21 Y_homo_28 Y_homo_35
   Y_homo_42 Y_homo_49 Y_homo_56;


  MODEL:

    Y_homo ON

    D_lunes D_martes D_mierco D_jueves D_vierne D_sabado	


    Y_homo_1*0.247  (b1)			 !valores iniciales libres, y identificamos los valores de los co
    Y_homo_2*0.098  (b2)
                                      !Y_homo_3*0.0523  (b3)
    Y_homo_7*0.193  (b7)

   					
    Y_homo_14*0.087  (b14)
    Y_homo_21*0.072  (b21)
    Y_homo_28*0.065  (b28)              	
    Y_homo_35*0.064  (b35)         	
    Y_homo_42*0.053  (b42)
    Y_homo_49*0.052  (b49)
    Y_homo_56*0.051  (b56);


   Y_homo_1 WITH    Y_homo_2 (1);
                                          !Y_homo_2 WITH    Y_homo_3 (1);            !fijamo

                                              !distancia 1 dia


   Y_homo_7 WITH  Y_homo_14 (2);
   Y_homo_14 WITH  Y_homo_21 (2);                   !distancia 7 dias
   Y_homo_21 WITH  Y_homo_28 (2);
   Y_homo_28 WITH  Y_homo_35 (2);
   Y_homo_35 WITH  Y_homo_42 (2);
   Y_homo_42 WITH  Y_homo_49 (2);
   Y_homo_49 WITH  Y_homo_56 (2);

   Y_homo_7 WITH  Y_homo_21 (3);
   Y_homo_14 WITH  Y_homo_28 (3);                !distancia 14 dias
   Y_homo_21 WITH  Y_homo_35 (3);
   Y_homo_28 WITH  Y_homo_42 (3);
   Y_homo_35 WITH  Y_homo_49 (3);
   Y_homo_42 WITH  Y_homo_56 (3);

   Y_homo_7 WITH  Y_homo_28 (4);
   Y_homo_14 WITH  Y_homo_35 (4);               !distancia 21 dias
   Y_homo_21 WITH  Y_homo_42 (4);
   Y_homo_28 WITH  Y_homo_49 (4);
   Y_homo_35 WITH  Y_homo_56 (4);

   Y_homo_7 WITH  Y_homo_35 (5);
   Y_homo_14 WITH  Y_homo_42 (5);              !distancia 28 dias
   Y_homo_21 WITH  Y_homo_49 (5);
   Y_homo_28 WITH  Y_homo_56 (5);

   Y_homo_7 WITH  Y_homo_42 (6);
   Y_homo_14 WITH  Y_homo_49 (6);                !distancia 35 dias
   Y_homo_21 WITH  Y_homo_56 (6);


   Y_homo_1 Y_homo_2 Y_homo_7 Y_homo_14 (7)	    !fijamos las varianzas de las variables inde
   Y_homo_21 Y_homo_28 Y_homo_35 Y_homo_42 Y_homo_49 Y_homo_56(7);


              						  ![Y_homo_1   Y_homo_2   	Y_homo_7 Y_homo_14 ]	   (8)	
               						  ![Y_homo_21  Y_homo_28  Y_homo_35  Y_homo_42 Y_homo_49  Y_homo_56] (8


   MODEL CONSTRAINT:

    b1 > b2;
                                      ! b2 > b3;
    b7>b14;
    b14>b21;
    b21>b28;
    b28>b35;
    b35>b42;
    b42>b49;
    b49>b56;




  ANALYSIS:


                  !TYPE IS GENERAL BASIC;

  ESTIMATOR IS ML;

  ITERATIONS = 500000;

  CONVERGENCE = 0.00005;


  OUTPUT:  STANDARDIZED;

   SAVEDATA:
  RESULTS ARE ouT_homo.dat;
  FORMAT IS F10.4;


  OUTPUT:
  TECH1;
  STANDARDIZED;




*** WARNING
  Input line exceeded 90 characters. Some input may be truncated.
    Y_homo_1*0.247  (b1)			 !valores iniciales libres, y identificamos los valores de los coe
*** WARNING
  Input line exceeded 90 characters. Some input may be truncated.
                                          !Y_homo_2 WITH    Y_homo_3 (1);            !fijamos
*** WARNING
  Input line exceeded 90 characters. Some input may be truncated.
   Y_homo_1 Y_homo_2 Y_homo_7 Y_homo_14 (7)	    !fijamos las varianzas de las variables indep
*** WARNING
  Input line exceeded 90 characters. Some input may be truncated.
               						  ![Y_homo_21  Y_homo_28  Y_homo_35  Y_homo_42 Y_homo_49  Y_homo_56] (8)
*** WARNING in VARIABLE command
  Note that only the first 8 characters of variable names are used in the output.
  Shorten variable names to avoid any confusion.
   5 WARNING(S) FOUND IN THE INPUT INSTRUCTIONS



tabaquismo

SUMMARY OF ANALYSIS

Number of groups                                                 1
Number of observations                                        1684

Number of dependent variables                                    1
Number of independent variables                                 16
Number of continuous latent variables                            0

Observed dependent variables

  Continuous
   Y_HOMO

Observed independent variables
   D_LUNES     D_MARTES    D_MIERCO    D_JUEVES    D_VIERNE    D_SABADO
   Y_HOMO_1    Y_HOMO_2    Y_HOMO_7    Y_HOMO_1    Y_HOMO_2    Y_HOMO_2
   Y_HOMO_3    Y_HOMO_4    Y_HOMO_4    Y_HOMO_5


Estimator                                                       ML
Information matrix                                        OBSERVED
Maximum number of iterations                                500000
Convergence criterion                                    0.500D-04
Maximum number of steepest descent iterations                   20

Input data file(s)
  C:\Users\rosel\Dropbox\Marcel Elipe\Mplus\datos definitivos\datos homocedas\da

Input data format  FREE



UNIVARIATE SAMPLE STATISTICS


     UNIVARIATE HIGHER-ORDER MOMENT DESCRIPTIVE STATISTICS

         Variable/         Mean/     Skewness/   Minimum/ % with                Percentiles
        Sample Size      Variance    Kurtosis    Maximum  Min/Max      20%/60%    40%/80%    Median

     Y_HOMO                4.621       0.710       0.284    0.18%       2.768      3.771      4.221
            1684.000       5.100       0.276      12.758    0.06%       4.799      6.424
     Y_HOMO_1              4.615       0.721       0.284    0.18%       2.743      3.778      4.221
            1684.000       5.079       0.307      12.758    0.06%       4.786      6.360
     Y_HOMO_2              4.614       0.714       0.284    0.18%       2.743      3.773      4.242
            1684.000       5.064       0.326      12.758    0.12%       4.827      6.360
     Y_HOMO_7              4.652       0.711       0.284    0.30%       2.796      3.785      4.275
            1684.000       5.206       0.358      13.248    0.06%       4.903      6.443
     Y_HOMO_14             4.594       0.650       0.284    0.30%       2.671      3.744      4.221
            1684.000       5.229       0.227      13.248    0.06%       4.850      6.425
     Y_HOMO_21             4.528       0.610       0.284    0.18%       2.417      3.618      4.204
            1684.000       5.392       0.067      13.248    0.06%       4.891      6.445
     Y_HOMO_28             4.499       0.616       0.284    0.12%       2.400      3.601      4.170
            1684.000       5.317       0.084      13.248    0.06%       4.754      6.443
     Y_HOMO_35             4.467       0.555       0.284    0.06%       2.400      3.575      4.170
            1684.000       5.176      -0.073      12.758    0.12%       4.759      6.443
     Y_HOMO_42             4.478       0.536       0.284    0.06%       2.423      3.601      4.221
            1684.000       5.059      -0.089      12.758    0.06%       4.836      6.443
     Y_HOMO_49             4.525       0.518       0.284    0.06%       2.545      3.678      4.296
            1684.000       4.967      -0.036      12.758    0.12%       4.958      6.443
     Y_HOMO_56             4.546       0.580       0.284    0.06%       2.579      3.731      4.296
            1684.000       4.970       0.202      12.758    0.12%       4.958      6.433
     D_LUNES               0.138       2.095       0.000   86.16%       0.000      0.000      0.000
            1684.000       0.119       2.388       1.000   13.84%       0.000      0.000
     D_MARTES              0.140       2.080       0.000   86.05%       0.000      0.000      0.000
            1684.000       0.120       2.328       1.000   13.95%       0.000      0.000
     D_MIERCO              0.145       2.018       0.000   85.51%       0.000      0.000      0.000
            1684.000       0.124       2.071       1.000   14.49%       0.000      0.000
     D_JUEVES              0.145       2.018       0.000   85.51%       0.000      0.000      0.000
            1684.000       0.124       2.071       1.000   14.49%       0.000      0.000
     D_VIERNE              0.145       2.018       0.000   85.51%       0.000      0.000      0.000
            1684.000       0.124       2.071       1.000   14.49%       0.000      0.000
     D_SABADO              0.144       2.025       0.000   85.57%       0.000      0.000      0.000
            1684.000       0.123       2.099       1.000   14.43%       0.000      0.000


THE MODEL ESTIMATION TERMINATED NORMALLY

     THE STANDARD ERRORS OF THE MODEL PARAMETER ESTIMATES MAY NOT BE
     TRUSTWORTHY FOR SOME PARAMETERS DUE TO A NON-POSITIVE DEFINITE
     FIRST-ORDER DERIVATIVE PRODUCT MATRIX.  THIS MAY BE DUE TO THE STARTING
     VALUES BUT MAY ALSO BE AN INDICATION OF MODEL NONIDENTIFICATION.  THE
     CONDITION NUMBER IS       0.133D-10.




MODEL FIT INFORMATION

Number of Free Parameters                       54

Loglikelihood

          H0 Value                      -27947.219
          H1 Value                      -27669.821

Information Criteria

          Akaike (AIC)                   56002.439
          Bayesian (BIC)                 56295.601
          Sample-Size Adjusted BIC       56124.050
            (n* = (n + 2) / 24)

Chi-Square Test of Model Fit

          Value                            554.797
          Degrees of Freedom                    89
          P-Value                           0.0000

RMSEA (Root Mean Square Error Of Approximation)

          Estimate                           0.056
          90 Percent C.I.                    0.051  0.060
          Probability RMSEA <= .05           0.016

CFI/TLI

          CFI                                0.848
          TLI                                0.973

Chi-Square Test of Model Fit for the Baseline Model

          Value                           3080.670
          Degrees of Freedom                    16
          P-Value                           0.0000

SRMR (Standardized Root Mean Square Residual)

          Value                              0.036



MODEL RESULTS

                                                    Two-Tailed
                    Estimate       S.E.  Est./S.E.    P-Value

 Y_HOMO   ON
    D_LUNES           -0.385      0.084     -4.563      0.000
    D_MARTES          -0.205      0.085     -2.403      0.016
    D_MIERCO          -0.191      0.084     -2.264      0.024
    D_JUEVES          -0.148      0.084     -1.765      0.078
    D_VIERNE          -0.045      0.087     -0.519      0.604
    D_SABADO          -0.073      0.086     -0.847      0.397
    Y_HOMO_1           0.247      0.023     10.624      0.000
    Y_HOMO_2           0.098      0.022      4.501      0.000
    Y_HOMO_7           0.193      0.023      8.494      0.000
    Y_HOMO_14          0.087      0.024      3.662      0.000
    Y_HOMO_21          0.072      0.023      3.065      0.002
    Y_HOMO_28          0.065      0.016      4.179      0.000
    Y_HOMO_35          0.065      0.016      4.173      0.000
    Y_HOMO_42          0.052      0.011      4.792      0.000
    Y_HOMO_49          0.052      0.011      4.783      0.000
    Y_HOMO_56          0.052      0.011      4.778      0.000

 Y_HOMO_1 WITH
    Y_HOMO_2           4.384      0.150     29.170      0.000

 Y_HOMO_7 WITH
    Y_HOMO_14          4.399      0.149     29.559      0.000
    Y_HOMO_21          4.351      0.149     29.232      0.000
    Y_HOMO_28          4.336      0.149     29.121      0.000
    Y_HOMO_35          4.298      0.149     28.848      0.000
    Y_HOMO_42          4.287      0.149     28.734      0.000
    Y_HOMO_1           4.252      0.151     28.193      0.000
    Y_HOMO_2           4.099      0.151     27.119      0.000

 Y_HOMO_1 WITH
    Y_HOMO_21          4.399      0.149     29.559      0.000
    Y_HOMO_28          4.351      0.149     29.232      0.000
    Y_HOMO_35          4.336      0.149     29.121      0.000
    Y_HOMO_42          4.298      0.149     28.848      0.000
    Y_HOMO_49          4.287      0.149     28.734      0.000
    Y_HOMO_1           4.180      0.151     27.682      0.000
    Y_HOMO_2           4.033      0.151     26.654      0.000

 Y_HOMO_2 WITH
    Y_HOMO_28          4.399      0.149     29.559      0.000
    Y_HOMO_35          4.351      0.149     29.232      0.000
    Y_HOMO_42          4.336      0.149     29.121      0.000
    Y_HOMO_49          4.298      0.149     28.848      0.000
    Y_HOMO_56          4.287      0.149     28.734      0.000
    Y_HOMO_1           4.167      0.151     27.635      0.000
    Y_HOMO_2           4.020      0.151     26.622      0.000

 Y_HOMO_2 WITH
    Y_HOMO_35          4.399      0.149     29.559      0.000
    Y_HOMO_42          4.351      0.149     29.232      0.000
    Y_HOMO_49          4.336      0.149     29.121      0.000
    Y_HOMO_56          4.298      0.149     28.848      0.000
    Y_HOMO_1           4.126      0.151     27.315      0.000
    Y_HOMO_2           4.004      0.151     26.484      0.000

 Y_HOMO_3 WITH
    Y_HOMO_42          4.399      0.149     29.559      0.000
    Y_HOMO_49          4.351      0.149     29.232      0.000
    Y_HOMO_56          4.336      0.149     29.121      0.000
    Y_HOMO_1           4.155      0.151     27.488      0.000
    Y_HOMO_2           4.015      0.151     26.510      0.000

 Y_HOMO_4 WITH
    Y_HOMO_49          4.399      0.149     29.559      0.000
    Y_HOMO_56          4.351      0.149     29.232      0.000
    Y_HOMO_1           4.116      0.151     27.176      0.000
    Y_HOMO_2           3.997      0.152     26.348      0.000

 Y_HOMO_4 WITH
    Y_HOMO_56          4.399      0.149     29.559      0.000
    Y_HOMO_1           4.076      0.152     26.842      0.000
    Y_HOMO_2           3.988      0.152     26.235      0.000
    Y_HOMO_7           4.228      0.151     28.081      0.000

 Y_HOMO_5 WITH
    Y_HOMO_1           4.070      0.152     26.784      0.000
    Y_HOMO_2           3.988      0.152     26.225      0.000
    Y_HOMO_7           4.231      0.151     28.065      0.000
    Y_HOMO_14          4.284      0.151     28.460      0.000

 Means
    Y_HOMO_1           4.615      0.055     83.669      0.000
    Y_HOMO_2           4.614      0.055     83.654      0.000
    Y_HOMO_7           4.652      0.055     84.346      0.000
    Y_HOMO_14          4.594      0.055     83.294      0.000
    Y_HOMO_21          4.528      0.055     82.100      0.000
    Y_HOMO_28          4.499      0.055     81.567      0.000
    Y_HOMO_35          4.467      0.055     80.988      0.000
    Y_HOMO_42          4.478      0.055     81.183      0.000
    Y_HOMO_49          4.525      0.055     82.040      0.000
    Y_HOMO_56          4.546      0.055     82.418      0.000

 Intercepts
    Y_HOMO             0.262      0.078      3.348      0.001

 Variances
    Y_HOMO_1           5.123      0.149     34.423      0.000
    Y_HOMO_2           5.123      0.149     34.423      0.000
    Y_HOMO_7           5.123      0.149     34.423      0.000
    Y_HOMO_14          5.123      0.149     34.423      0.000
    Y_HOMO_21          5.123      0.149     34.423      0.000
    Y_HOMO_28          5.123      0.149     34.423      0.000
    Y_HOMO_35          5.123      0.149     34.423      0.000
    Y_HOMO_42          5.123      0.149     34.423      0.000
    Y_HOMO_49          5.123      0.149     34.423      0.000
    Y_HOMO_56          5.123      0.149     34.423      0.000

 Residual Variances
    Y_HOMO             0.821      0.028     29.017      0.000


STANDARDIZED MODEL RESULTS


STDYX Standardization

                                                    Two-Tailed
                    Estimate       S.E.  Est./S.E.    P-Value

 Y_HOMO   ON
    D_LUNES           -0.059      0.013     -4.540      0.000
    D_MARTES          -0.032      0.013     -2.398      0.016
    D_MIERCO          -0.030      0.013     -2.260      0.024
    D_JUEVES          -0.023      0.013     -1.763      0.078
    D_VIERNE          -0.007      0.014     -0.519      0.604
    D_SABADO          -0.011      0.014     -0.847      0.397
    Y_HOMO_1           0.249      0.023     10.704      0.000
    Y_HOMO_2           0.099      0.022      4.506      0.000
    Y_HOMO_7           0.195      0.023      8.523      0.000
    Y_HOMO_14          0.087      0.024      3.663      0.000
    Y_HOMO_21          0.072      0.024      3.062      0.002
    Y_HOMO_28          0.066      0.016      4.178      0.000
    Y_HOMO_35          0.066      0.016      4.172      0.000
    Y_HOMO_42          0.053      0.011      4.811      0.000
    Y_HOMO_49          0.053      0.011      4.803      0.000
    Y_HOMO_56          0.052      0.011      4.797      0.000

 Y_HOMO_1 WITH
    Y_HOMO_2           0.856      0.006    133.731      0.000

 Y_HOMO_7 WITH
    Y_HOMO_14          0.859      0.005    188.496      0.000
    Y_HOMO_21          0.849      0.005    173.764      0.000
    Y_HOMO_28          0.846      0.005    168.122      0.000
    Y_HOMO_35          0.839      0.005    156.659      0.000
    Y_HOMO_42          0.837      0.006    148.941      0.000
    Y_HOMO_1           0.830      0.007    113.452      0.000
    Y_HOMO_2           0.800      0.009     93.720      0.000

 Y_HOMO_1 WITH
    Y_HOMO_21          0.859      0.005    188.496      0.000
    Y_HOMO_28          0.849      0.005    173.764      0.000
    Y_HOMO_35          0.846      0.005    168.122      0.000
    Y_HOMO_42          0.839      0.005    156.659      0.000
    Y_HOMO_49          0.837      0.006    148.941      0.000
    Y_HOMO_1           0.816      0.008    103.819      0.000
    Y_HOMO_2           0.787      0.009     87.233      0.000

 Y_HOMO_2 WITH
    Y_HOMO_28          0.859      0.005    188.496      0.000
    Y_HOMO_35          0.849      0.005    173.764      0.000
    Y_HOMO_42          0.846      0.005    168.122      0.000
    Y_HOMO_49          0.839      0.005    156.659      0.000
    Y_HOMO_56          0.837      0.006    148.941      0.000
    Y_HOMO_1           0.814      0.008    103.502      0.000
    Y_HOMO_2           0.785      0.009     87.205      0.000

 Y_HOMO_2 WITH
    Y_HOMO_35          0.859      0.005    188.496      0.000
    Y_HOMO_42          0.849      0.005    173.764      0.000
    Y_HOMO_49          0.846      0.005    168.122      0.000
    Y_HOMO_56          0.839      0.005    156.659      0.000
    Y_HOMO_1           0.805      0.008     98.276      0.000
    Y_HOMO_2           0.782      0.009     85.267      0.000

 Y_HOMO_3 WITH
    Y_HOMO_42          0.859      0.005    188.496      0.000
    Y_HOMO_49          0.849      0.005    173.764      0.000
    Y_HOMO_56          0.846      0.005    168.122      0.000
    Y_HOMO_1           0.811      0.008    100.470      0.000
    Y_HOMO_2           0.784      0.009     85.261      0.000

 Y_HOMO_4 WITH
    Y_HOMO_49          0.859      0.005    188.496      0.000
    Y_HOMO_56          0.849      0.005    173.764      0.000
    Y_HOMO_1           0.804      0.008     95.372      0.000
    Y_HOMO_2           0.780      0.009     83.034      0.000

 Y_HOMO_4 WITH
    Y_HOMO_56          0.859      0.005    188.496      0.000
    Y_HOMO_1           0.796      0.009     90.255      0.000
    Y_HOMO_2           0.779      0.010     81.393      0.000
    Y_HOMO_7           0.825      0.007    116.435      0.000

 Y_HOMO_5 WITH
    Y_HOMO_1           0.795      0.009     89.097      0.000
    Y_HOMO_2           0.779      0.010     81.050      0.000
    Y_HOMO_7           0.826      0.007    114.356      0.000
    Y_HOMO_14          0.836      0.007    122.488      0.000

 Means
    Y_HOMO_1           2.039      0.038     53.162      0.000
    Y_HOMO_2           2.039      0.038     53.158      0.000
    Y_HOMO_7           2.055      0.039     53.335      0.000
    Y_HOMO_14          2.030      0.038     53.065      0.000
    Y_HOMO_21          2.001      0.038     52.753      0.000
    Y_HOMO_28          1.988      0.038     52.611      0.000
    Y_HOMO_35          1.974      0.038     52.454      0.000
    Y_HOMO_42          1.978      0.038     52.507      0.000
    Y_HOMO_49          1.999      0.038     52.737      0.000
    Y_HOMO_56          2.008      0.038     52.837      0.000

 Intercepts
    Y_HOMO             0.116      0.035      3.283      0.001

 Variances
    Y_HOMO_1           1.000      0.000    999.000    999.000
    Y_HOMO_2           1.000      0.000    999.000    999.000
    Y_HOMO_7           1.000      0.000    999.000    999.000
    Y_HOMO_14          1.000      0.000    999.000    999.000
    Y_HOMO_21          1.000      0.000    999.000    999.000
    Y_HOMO_28          1.000      0.000    999.000    999.000
    Y_HOMO_35          1.000      0.000    999.000    999.000
    Y_HOMO_42          1.000      0.000    999.000    999.000
    Y_HOMO_49          1.000      0.000    999.000    999.000
    Y_HOMO_56          1.000      0.000    999.000    999.000

 Residual Variances
    Y_HOMO             0.163      0.007     22.542      0.000


STDY Standardization

                                                    Two-Tailed
                    Estimate       S.E.  Est./S.E.    P-Value

 Y_HOMO   ON
    D_LUNES           -0.171      0.038     -4.554      0.000
    D_MARTES          -0.091      0.038     -2.400      0.016
    D_MIERCO          -0.085      0.038     -2.262      0.024
    D_JUEVES          -0.066      0.037     -1.763      0.078
    D_VIERNE          -0.020      0.039     -0.519      0.604
    D_SABADO          -0.033      0.038     -0.847      0.397
    Y_HOMO_1           0.249      0.023     10.704      0.000
    Y_HOMO_2           0.099      0.022      4.506      0.000
    Y_HOMO_7           0.195      0.023      8.523      0.000
    Y_HOMO_14          0.087      0.024      3.663      0.000
    Y_HOMO_21          0.072      0.024      3.062      0.002
    Y_HOMO_28          0.066      0.016      4.178      0.000
    Y_HOMO_35          0.066      0.016      4.172      0.000
    Y_HOMO_42          0.053      0.011      4.811      0.000
    Y_HOMO_49          0.053      0.011      4.803      0.000
    Y_HOMO_56          0.052      0.011      4.797      0.000

 Y_HOMO_1 WITH
    Y_HOMO_2           0.856      0.006    133.731      0.000

 Y_HOMO_7 WITH
    Y_HOMO_14          0.859      0.005    188.496      0.000
    Y_HOMO_21          0.849      0.005    173.764      0.000
    Y_HOMO_28          0.846      0.005    168.122      0.000
    Y_HOMO_35          0.839      0.005    156.659      0.000
    Y_HOMO_42          0.837      0.006    148.941      0.000
    Y_HOMO_1           0.830      0.007    113.452      0.000
    Y_HOMO_2           0.800      0.009     93.720      0.000

 Y_HOMO_1 WITH
    Y_HOMO_21          0.859      0.005    188.496      0.000
    Y_HOMO_28          0.849      0.005    173.764      0.000
    Y_HOMO_35          0.846      0.005    168.122      0.000
    Y_HOMO_42          0.839      0.005    156.659      0.000
    Y_HOMO_49          0.837      0.006    148.941      0.000
    Y_HOMO_1           0.816      0.008    103.819      0.000
    Y_HOMO_2           0.787      0.009     87.233      0.000

 Y_HOMO_2 WITH
    Y_HOMO_28          0.859      0.005    188.496      0.000
    Y_HOMO_35          0.849      0.005    173.764      0.000
    Y_HOMO_42          0.846      0.005    168.122      0.000
    Y_HOMO_49          0.839      0.005    156.659      0.000
    Y_HOMO_56          0.837      0.006    148.941      0.000
    Y_HOMO_1           0.814      0.008    103.502      0.000
    Y_HOMO_2           0.785      0.009     87.205      0.000

 Y_HOMO_2 WITH
    Y_HOMO_35          0.859      0.005    188.496      0.000
    Y_HOMO_42          0.849      0.005    173.764      0.000
    Y_HOMO_49          0.846      0.005    168.122      0.000
    Y_HOMO_56          0.839      0.005    156.659      0.000
    Y_HOMO_1           0.805      0.008     98.276      0.000
    Y_HOMO_2           0.782      0.009     85.267      0.000

 Y_HOMO_3 WITH
    Y_HOMO_42          0.859      0.005    188.496      0.000
    Y_HOMO_49          0.849      0.005    173.764      0.000
    Y_HOMO_56          0.846      0.005    168.122      0.000
    Y_HOMO_1           0.811      0.008    100.470      0.000
    Y_HOMO_2           0.784      0.009     85.261      0.000

 Y_HOMO_4 WITH
    Y_HOMO_49          0.859      0.005    188.496      0.000
    Y_HOMO_56          0.849      0.005    173.764      0.000
    Y_HOMO_1           0.804      0.008     95.372      0.000
    Y_HOMO_2           0.780      0.009     83.034      0.000

 Y_HOMO_4 WITH
    Y_HOMO_56          0.859      0.005    188.496      0.000
    Y_HOMO_1           0.796      0.009     90.255      0.000
    Y_HOMO_2           0.779      0.010     81.393      0.000
    Y_HOMO_7           0.825      0.007    116.435      0.000

 Y_HOMO_5 WITH
    Y_HOMO_1           0.795      0.009     89.097      0.000
    Y_HOMO_2           0.779      0.010     81.050      0.000
    Y_HOMO_7           0.826      0.007    114.356      0.000
    Y_HOMO_14          0.836      0.007    122.488      0.000

 Means
    Y_HOMO_1           2.039      0.038     53.162      0.000
    Y_HOMO_2           2.039      0.038     53.158      0.000
    Y_HOMO_7           2.055      0.039     53.335      0.000
    Y_HOMO_14          2.030      0.038     53.065      0.000
    Y_HOMO_21          2.001      0.038     52.753      0.000
    Y_HOMO_28          1.988      0.038     52.611      0.000
    Y_HOMO_35          1.974      0.038     52.454      0.000
    Y_HOMO_42          1.978      0.038     52.507      0.000
    Y_HOMO_49          1.999      0.038     52.737      0.000
    Y_HOMO_56          2.008      0.038     52.837      0.000

 Intercepts
    Y_HOMO             0.116      0.035      3.283      0.001

 Variances
    Y_HOMO_1           1.000      0.000    999.000    999.000
    Y_HOMO_2           1.000      0.000    999.000    999.000
    Y_HOMO_7           1.000      0.000    999.000    999.000
    Y_HOMO_14          1.000      0.000    999.000    999.000
    Y_HOMO_21          1.000      0.000    999.000    999.000
    Y_HOMO_28          1.000      0.000    999.000    999.000
    Y_HOMO_35          1.000      0.000    999.000    999.000
    Y_HOMO_42          1.000      0.000    999.000    999.000
    Y_HOMO_49          1.000      0.000    999.000    999.000
    Y_HOMO_56          1.000      0.000    999.000    999.000

 Residual Variances
    Y_HOMO             0.163      0.007     22.542      0.000


STD Standardization

                                                    Two-Tailed
                    Estimate       S.E.  Est./S.E.    P-Value

 Y_HOMO   ON
    D_LUNES           -0.385      0.084     -4.563      0.000
    D_MARTES          -0.205      0.085     -2.403      0.016
    D_MIERCO          -0.191      0.084     -2.264      0.024
    D_JUEVES          -0.148      0.084     -1.765      0.078
    D_VIERNE          -0.045      0.087     -0.519      0.604
    D_SABADO          -0.073      0.086     -0.847      0.397
    Y_HOMO_1           0.247      0.023     10.624      0.000
    Y_HOMO_2           0.098      0.022      4.501      0.000
    Y_HOMO_7           0.193      0.023      8.494      0.000
    Y_HOMO_14          0.087      0.024      3.662      0.000
    Y_HOMO_21          0.072      0.023      3.065      0.002
    Y_HOMO_28          0.065      0.016      4.179      0.000
    Y_HOMO_35          0.065      0.016      4.173      0.000
    Y_HOMO_42          0.052      0.011      4.792      0.000
    Y_HOMO_49          0.052      0.011      4.783      0.000
    Y_HOMO_56          0.052      0.011      4.778      0.000

 Y_HOMO_1 WITH
    Y_HOMO_2           4.384      0.150     29.170      0.000

 Y_HOMO_7 WITH
    Y_HOMO_14          4.399      0.149     29.559      0.000
    Y_HOMO_21          4.351      0.149     29.232      0.000
    Y_HOMO_28          4.336      0.149     29.121      0.000
    Y_HOMO_35          4.298      0.149     28.848      0.000
    Y_HOMO_42          4.287      0.149     28.734      0.000
    Y_HOMO_1           4.252      0.151     28.193      0.000
    Y_HOMO_2           4.099      0.151     27.119      0.000

 Y_HOMO_1 WITH
    Y_HOMO_21          4.399      0.149     29.559      0.000
    Y_HOMO_28          4.351      0.149     29.232      0.000
    Y_HOMO_35          4.336      0.149     29.121      0.000
    Y_HOMO_42          4.298      0.149     28.848      0.000
    Y_HOMO_49          4.287      0.149     28.734      0.000
    Y_HOMO_1           4.180      0.151     27.682      0.000
    Y_HOMO_2           4.033      0.151     26.654      0.000

 Y_HOMO_2 WITH
    Y_HOMO_28          4.399      0.149     29.559      0.000
    Y_HOMO_35          4.351      0.149     29.232      0.000
    Y_HOMO_42          4.336      0.149     29.121      0.000
    Y_HOMO_49          4.298      0.149     28.848      0.000
    Y_HOMO_56          4.287      0.149     28.734      0.000
    Y_HOMO_1           4.167      0.151     27.635      0.000
    Y_HOMO_2           4.020      0.151     26.622      0.000

 Y_HOMO_2 WITH
    Y_HOMO_35          4.399      0.149     29.559      0.000
    Y_HOMO_42          4.351      0.149     29.232      0.000
    Y_HOMO_49          4.336      0.149     29.121      0.000
    Y_HOMO_56          4.298      0.149     28.848      0.000
    Y_HOMO_1           4.126      0.151     27.315      0.000
    Y_HOMO_2           4.004      0.151     26.484      0.000

 Y_HOMO_3 WITH
    Y_HOMO_42          4.399      0.149     29.559      0.000
    Y_HOMO_49          4.351      0.149     29.232      0.000
    Y_HOMO_56          4.336      0.149     29.121      0.000
    Y_HOMO_1           4.155      0.151     27.488      0.000
    Y_HOMO_2           4.015      0.151     26.510      0.000

 Y_HOMO_4 WITH
    Y_HOMO_49          4.399      0.149     29.559      0.000
    Y_HOMO_56          4.351      0.149     29.232      0.000
    Y_HOMO_1           4.116      0.151     27.176      0.000
    Y_HOMO_2           3.997      0.152     26.348      0.000

 Y_HOMO_4 WITH
    Y_HOMO_56          4.399      0.149     29.559      0.000
    Y_HOMO_1           4.076      0.152     26.842      0.000
    Y_HOMO_2           3.988      0.152     26.235      0.000
    Y_HOMO_7           4.228      0.151     28.081      0.000

 Y_HOMO_5 WITH
    Y_HOMO_1           4.070      0.152     26.784      0.000
    Y_HOMO_2           3.988      0.152     26.225      0.000
    Y_HOMO_7           4.231      0.151     28.065      0.000
    Y_HOMO_14          4.284      0.151     28.460      0.000

 Means
    Y_HOMO_1           4.615      0.055     83.669      0.000
    Y_HOMO_2           4.614      0.055     83.654      0.000
    Y_HOMO_7           4.652      0.055     84.346      0.000
    Y_HOMO_14          4.594      0.055     83.294      0.000
    Y_HOMO_21          4.528      0.055     82.100      0.000
    Y_HOMO_28          4.499      0.055     81.567      0.000
    Y_HOMO_35          4.467      0.055     80.988      0.000
    Y_HOMO_42          4.478      0.055     81.183      0.000
    Y_HOMO_49          4.525      0.055     82.040      0.000
    Y_HOMO_56          4.546      0.055     82.418      0.000

 Intercepts
    Y_HOMO             0.262      0.078      3.348      0.001

 Variances
    Y_HOMO_1           5.123      0.149     34.423      0.000
    Y_HOMO_2           5.123      0.149     34.423      0.000
    Y_HOMO_7           5.123      0.149     34.423      0.000
    Y_HOMO_14          5.123      0.149     34.423      0.000
    Y_HOMO_21          5.123      0.149     34.423      0.000
    Y_HOMO_28          5.123      0.149     34.423      0.000
    Y_HOMO_35          5.123      0.149     34.423      0.000
    Y_HOMO_42          5.123      0.149     34.423      0.000
    Y_HOMO_49          5.123      0.149     34.423      0.000
    Y_HOMO_56          5.123      0.149     34.423      0.000

 Residual Variances
    Y_HOMO             0.821      0.028     29.017      0.000


R-SQUARE

    Observed                                        Two-Tailed
    Variable        Estimate       S.E.  Est./S.E.    P-Value

    Y_HOMO             0.837      0.007    116.107      0.000


QUALITY OF NUMERICAL RESULTS

     Condition Number for the Information Matrix              0.567E-09
       (ratio of smallest to largest eigenvalue)


TECHNICAL 1 OUTPUT


     PARAMETER SPECIFICATION


           NU
              Y_HOMO        Y_HOMO_1      Y_HOMO_2      Y_HOMO_7      Y_HOMO_1
              ________      ________      ________      ________      ________
                  0             0             0             0             0


           NU
              Y_HOMO_2      Y_HOMO_2      Y_HOMO_3      Y_HOMO_4      Y_HOMO_4
              ________      ________      ________      ________      ________
                  0             0             0             0             0


           NU
              Y_HOMO_5      D_LUNES       D_MARTES      D_MIERCO      D_JUEVES
              ________      ________      ________      ________      ________
                  0             0             0             0             0


           NU
              D_VIERNE      D_SABADO
              ________      ________
                  0             0


           LAMBDA
              Y_HOMO        Y_HOMO_1      Y_HOMO_2      Y_HOMO_7      Y_HOMO_1
              ________      ________      ________      ________      ________
 Y_HOMO             0             0             0             0             0
 Y_HOMO_1           0             0             0             0             0
 Y_HOMO_2           0             0             0             0             0
 Y_HOMO_7           0             0             0             0             0
 Y_HOMO_1           0             0             0             0             0
 Y_HOMO_2           0             0             0             0             0
 Y_HOMO_2           0             0             0             0             0
 Y_HOMO_3           0             0             0             0             0
 Y_HOMO_4           0             0             0             0             0
 Y_HOMO_4           0             0             0             0             0
 Y_HOMO_5           0             0             0             0             0
 D_LUNES            0             0             0             0             0
 D_MARTES           0             0             0             0             0
 D_MIERCO           0             0             0             0             0
 D_JUEVES           0             0             0             0             0
 D_VIERNE           0             0             0             0             0
 D_SABADO           0             0             0             0             0


           LAMBDA
              Y_HOMO_2      Y_HOMO_2      Y_HOMO_3      Y_HOMO_4      Y_HOMO_4
              ________      ________      ________      ________      ________
 Y_HOMO             0             0             0             0             0
 Y_HOMO_1           0             0             0             0             0
 Y_HOMO_2           0             0             0             0             0
 Y_HOMO_7           0             0             0             0             0
 Y_HOMO_1           0             0             0             0             0
 Y_HOMO_2           0             0             0             0             0
 Y_HOMO_2           0             0             0             0             0
 Y_HOMO_3           0             0             0             0             0
 Y_HOMO_4           0             0             0             0             0
 Y_HOMO_4           0             0             0             0             0
 Y_HOMO_5           0             0             0             0             0
 D_LUNES            0             0             0             0             0
 D_MARTES           0             0             0             0             0
 D_MIERCO           0             0             0             0             0
 D_JUEVES           0             0             0             0             0
 D_VIERNE           0             0             0             0             0
 D_SABADO           0             0             0             0             0


           LAMBDA
              Y_HOMO_5      D_LUNES       D_MARTES      D_MIERCO      D_JUEVES
              ________      ________      ________      ________      ________
 Y_HOMO             0             0             0             0             0
 Y_HOMO_1           0             0             0             0             0
 Y_HOMO_2           0             0             0             0             0
 Y_HOMO_7           0             0             0             0             0
 Y_HOMO_1           0             0             0             0             0
 Y_HOMO_2           0             0             0             0             0
 Y_HOMO_2           0             0             0             0             0
 Y_HOMO_3           0             0             0             0             0
 Y_HOMO_4           0             0             0             0             0
 Y_HOMO_4           0             0             0             0             0
 Y_HOMO_5           0             0             0             0             0
 D_LUNES            0             0             0             0             0
 D_MARTES           0             0             0             0             0
 D_MIERCO           0             0             0             0             0
 D_JUEVES           0             0             0             0             0
 D_VIERNE           0             0             0             0             0
 D_SABADO           0             0             0             0             0


           LAMBDA
              D_VIERNE      D_SABADO
              ________      ________
 Y_HOMO             0             0
 Y_HOMO_1           0             0
 Y_HOMO_2           0             0
 Y_HOMO_7           0             0
 Y_HOMO_1           0             0
 Y_HOMO_2           0             0
 Y_HOMO_2           0             0
 Y_HOMO_3           0             0
 Y_HOMO_4           0             0
 Y_HOMO_4           0             0
 Y_HOMO_5           0             0
 D_LUNES            0             0
 D_MARTES           0             0
 D_MIERCO           0             0
 D_JUEVES           0             0
 D_VIERNE           0             0
 D_SABADO           0             0


           THETA
              Y_HOMO        Y_HOMO_1      Y_HOMO_2      Y_HOMO_7      Y_HOMO_1
              ________      ________      ________      ________      ________
 Y_HOMO             0
 Y_HOMO_1           0             0
 Y_HOMO_2           0             0             0
 Y_HOMO_7           0             0             0             0
 Y_HOMO_1           0             0             0             0             0
 Y_HOMO_2           0             0             0             0             0
 Y_HOMO_2           0             0             0             0             0
 Y_HOMO_3           0             0             0             0             0
 Y_HOMO_4           0             0             0             0             0
 Y_HOMO_4           0             0             0             0             0
 Y_HOMO_5           0             0             0             0             0
 D_LUNES            0             0             0             0             0
 D_MARTES           0             0             0             0             0
 D_MIERCO           0             0             0             0             0
 D_JUEVES           0             0             0             0             0
 D_VIERNE           0             0             0             0             0
 D_SABADO           0             0             0             0             0


           THETA
              Y_HOMO_2      Y_HOMO_2      Y_HOMO_3      Y_HOMO_4      Y_HOMO_4
              ________      ________      ________      ________      ________
 Y_HOMO_2           0
 Y_HOMO_2           0             0
 Y_HOMO_3           0             0             0
 Y_HOMO_4           0             0             0             0
 Y_HOMO_4           0             0             0             0             0
 Y_HOMO_5           0             0             0             0             0
 D_LUNES            0             0             0             0             0
 D_MARTES           0             0             0             0             0
 D_MIERCO           0             0             0             0             0
 D_JUEVES           0             0             0             0             0
 D_VIERNE           0             0             0             0             0
 D_SABADO           0             0             0             0             0


           THETA
              Y_HOMO_5      D_LUNES       D_MARTES      D_MIERCO      D_JUEVES
              ________      ________      ________      ________      ________
 Y_HOMO_5           0
 D_LUNES            0             0
 D_MARTES           0             0             0
 D_MIERCO           0             0             0             0
 D_JUEVES           0             0             0             0             0
 D_VIERNE           0             0             0             0             0
 D_SABADO           0             0             0             0             0


           THETA
              D_VIERNE      D_SABADO
              ________      ________
 D_VIERNE           0
 D_SABADO           0             0


           ALPHA
              Y_HOMO        Y_HOMO_1      Y_HOMO_2      Y_HOMO_7      Y_HOMO_1
              ________      ________      ________      ________      ________
                  1             2             3             4             5


           ALPHA
              Y_HOMO_2      Y_HOMO_2      Y_HOMO_3      Y_HOMO_4      Y_HOMO_4
              ________      ________      ________      ________      ________
                  6             7             8             9            10


           ALPHA
              Y_HOMO_5      D_LUNES       D_MARTES      D_MIERCO      D_JUEVES
              ________      ________      ________      ________      ________
                 11             0             0             0             0


           ALPHA
              D_VIERNE      D_SABADO
              ________      ________
                  0             0


           BETA
              Y_HOMO        Y_HOMO_1      Y_HOMO_2      Y_HOMO_7      Y_HOMO_1
              ________      ________      ________      ________      ________
 Y_HOMO             0            12            13            14            15
 Y_HOMO_1           0             0             0             0             0
 Y_HOMO_2           0             0             0             0             0
 Y_HOMO_7           0             0             0             0             0
 Y_HOMO_1           0             0             0             0             0
 Y_HOMO_2           0             0             0             0             0
 Y_HOMO_2           0             0             0             0             0
 Y_HOMO_3           0             0             0             0             0
 Y_HOMO_4           0             0             0             0             0
 Y_HOMO_4           0             0             0             0             0
 Y_HOMO_5           0             0             0             0             0
 D_LUNES            0             0             0             0             0
 D_MARTES           0             0             0             0             0
 D_MIERCO           0             0             0             0             0
 D_JUEVES           0             0             0             0             0
 D_VIERNE           0             0             0             0             0
 D_SABADO           0             0             0             0             0


           BETA
              Y_HOMO_2      Y_HOMO_2      Y_HOMO_3      Y_HOMO_4      Y_HOMO_4
              ________      ________      ________      ________      ________
 Y_HOMO            16            17            18            19            20
 Y_HOMO_1           0             0             0             0             0
 Y_HOMO_2           0             0             0             0             0
 Y_HOMO_7           0             0             0             0             0
 Y_HOMO_1           0             0             0             0             0
 Y_HOMO_2           0             0             0             0             0
 Y_HOMO_2           0             0             0             0             0
 Y_HOMO_3           0             0             0             0             0
 Y_HOMO_4           0             0             0             0             0
 Y_HOMO_4           0             0             0             0             0
 Y_HOMO_5           0             0             0             0             0
 D_LUNES            0             0             0             0             0
 D_MARTES           0             0             0             0             0
 D_MIERCO           0             0             0             0             0
 D_JUEVES           0             0             0             0             0
 D_VIERNE           0             0             0             0             0
 D_SABADO           0             0             0             0             0


           BETA
              Y_HOMO_5      D_LUNES       D_MARTES      D_MIERCO      D_JUEVES
              ________      ________      ________      ________      ________
 Y_HOMO            21            22            23            24            25
 Y_HOMO_1           0             0             0             0             0
 Y_HOMO_2           0             0             0             0             0
 Y_HOMO_7           0             0             0             0             0
 Y_HOMO_1           0             0             0             0             0
 Y_HOMO_2           0             0             0             0             0
 Y_HOMO_2           0             0             0             0             0
 Y_HOMO_3           0             0             0             0             0
 Y_HOMO_4           0             0             0             0             0
 Y_HOMO_4           0             0             0             0             0
 Y_HOMO_5           0             0             0             0             0
 D_LUNES            0             0             0             0             0
 D_MARTES           0             0             0             0             0
 D_MIERCO           0             0             0             0             0
 D_JUEVES           0             0             0             0             0
 D_VIERNE           0             0             0             0             0
 D_SABADO           0             0             0             0             0


           BETA
              D_VIERNE      D_SABADO
              ________      ________
 Y_HOMO            26            27
 Y_HOMO_1           0             0
 Y_HOMO_2           0             0
 Y_HOMO_7           0             0
 Y_HOMO_1           0             0
 Y_HOMO_2           0             0
 Y_HOMO_2           0             0
 Y_HOMO_3           0             0
 Y_HOMO_4           0             0
 Y_HOMO_4           0             0
 Y_HOMO_5           0             0
 D_LUNES            0             0
 D_MARTES           0             0
 D_MIERCO           0             0
 D_JUEVES           0             0
 D_VIERNE           0             0
 D_SABADO           0             0


           PSI
              Y_HOMO        Y_HOMO_1      Y_HOMO_2      Y_HOMO_7      Y_HOMO_1
              ________      ________      ________      ________      ________
 Y_HOMO            28
 Y_HOMO_1           0            29
 Y_HOMO_2           0            30            29
 Y_HOMO_7           0            31            32            29
 Y_HOMO_1           0            33            34            35            29
 Y_HOMO_2           0            36            37            38            35
 Y_HOMO_2           0            39            40            41            38
 Y_HOMO_3           0            42            43            44            41
 Y_HOMO_4           0            45            46            47            44
 Y_HOMO_4           0            48            49            50            47
 Y_HOMO_5           0            51            52            53            54
 D_LUNES            0             0             0             0             0
 D_MARTES           0             0             0             0             0
 D_MIERCO           0             0             0             0             0
 D_JUEVES           0             0             0             0             0
 D_VIERNE           0             0             0             0             0
 D_SABADO           0             0             0             0             0


           PSI
              Y_HOMO_2      Y_HOMO_2      Y_HOMO_3      Y_HOMO_4      Y_HOMO_4
              ________      ________      ________      ________      ________
 Y_HOMO_2          29
 Y_HOMO_2          35            29
 Y_HOMO_3          38            35            29
 Y_HOMO_4          41            38            35            29
 Y_HOMO_4          44            41            38            35            29
 Y_HOMO_5          47            44            41            38            35
 D_LUNES            0             0             0             0             0
 D_MARTES           0             0             0             0             0
 D_MIERCO           0             0             0             0             0
 D_JUEVES           0             0             0             0             0
 D_VIERNE           0             0             0             0             0
 D_SABADO           0             0             0             0             0


           PSI
              Y_HOMO_5      D_LUNES       D_MARTES      D_MIERCO      D_JUEVES
              ________      ________      ________      ________      ________
 Y_HOMO_5          29
 D_LUNES            0             0
 D_MARTES           0             0             0
 D_MIERCO           0             0             0             0
 D_JUEVES           0             0             0             0             0
 D_VIERNE           0             0             0             0             0
 D_SABADO           0             0             0             0             0


           PSI
              D_VIERNE      D_SABADO
              ________      ________
 D_VIERNE           0
 D_SABADO           0             0


     STARTING VALUES


           NU
              Y_HOMO        Y_HOMO_1      Y_HOMO_2      Y_HOMO_7      Y_HOMO_1
              ________      ________      ________      ________      ________
                0.000         0.000         0.000         0.000         0.000


           NU
              Y_HOMO_2      Y_HOMO_2      Y_HOMO_3      Y_HOMO_4      Y_HOMO_4
              ________      ________      ________      ________      ________
                0.000         0.000         0.000         0.000         0.000


           NU
              Y_HOMO_5      D_LUNES       D_MARTES      D_MIERCO      D_JUEVES
              ________      ________      ________      ________      ________
                0.000         0.000         0.000         0.000         0.000


           NU
              D_VIERNE      D_SABADO
              ________      ________
                0.000         0.000


           LAMBDA
              Y_HOMO        Y_HOMO_1      Y_HOMO_2      Y_HOMO_7      Y_HOMO_1
              ________      ________      ________      ________      ________
 Y_HOMO         1.000         0.000         0.000         0.000         0.000
 Y_HOMO_1       0.000         1.000         0.000         0.000         0.000
 Y_HOMO_2       0.000         0.000         1.000         0.000         0.000
 Y_HOMO_7       0.000         0.000         0.000         1.000         0.000
 Y_HOMO_1       0.000         0.000         0.000         0.000         1.000
 Y_HOMO_2       0.000         0.000         0.000         0.000         0.000
 Y_HOMO_2       0.000         0.000         0.000         0.000         0.000
 Y_HOMO_3       0.000         0.000         0.000         0.000         0.000
 Y_HOMO_4       0.000         0.000         0.000         0.000         0.000
 Y_HOMO_4       0.000         0.000         0.000         0.000         0.000
 Y_HOMO_5       0.000         0.000         0.000         0.000         0.000
 D_LUNES        0.000         0.000         0.000         0.000         0.000
 D_MARTES       0.000         0.000         0.000         0.000         0.000
 D_MIERCO       0.000         0.000         0.000         0.000         0.000
 D_JUEVES       0.000         0.000         0.000         0.000         0.000
 D_VIERNE       0.000         0.000         0.000         0.000         0.000
 D_SABADO       0.000         0.000         0.000         0.000         0.000


           LAMBDA
              Y_HOMO_2      Y_HOMO_2      Y_HOMO_3      Y_HOMO_4      Y_HOMO_4
              ________      ________      ________      ________      ________
 Y_HOMO         0.000         0.000         0.000         0.000         0.000
 Y_HOMO_1       0.000         0.000         0.000         0.000         0.000
 Y_HOMO_2       0.000         0.000         0.000         0.000         0.000
 Y_HOMO_7       0.000         0.000         0.000         0.000         0.000
 Y_HOMO_1       0.000         0.000         0.000         0.000         0.000
 Y_HOMO_2       1.000         0.000         0.000         0.000         0.000
 Y_HOMO_2       0.000         1.000         0.000         0.000         0.000
 Y_HOMO_3       0.000         0.000         1.000         0.000         0.000
 Y_HOMO_4       0.000         0.000         0.000         1.000         0.000
 Y_HOMO_4       0.000         0.000         0.000         0.000         1.000
 Y_HOMO_5       0.000         0.000         0.000         0.000         0.000
 D_LUNES        0.000         0.000         0.000         0.000         0.000
 D_MARTES       0.000         0.000         0.000         0.000         0.000
 D_MIERCO       0.000         0.000         0.000         0.000         0.000
 D_JUEVES       0.000         0.000         0.000         0.000         0.000
 D_VIERNE       0.000         0.000         0.000         0.000         0.000
 D_SABADO       0.000         0.000         0.000         0.000         0.000


           LAMBDA
              Y_HOMO_5      D_LUNES       D_MARTES      D_MIERCO      D_JUEVES
              ________      ________      ________      ________      ________
 Y_HOMO         0.000         0.000         0.000         0.000         0.000
 Y_HOMO_1       0.000         0.000         0.000         0.000         0.000
 Y_HOMO_2       0.000         0.000         0.000         0.000         0.000
 Y_HOMO_7       0.000         0.000         0.000         0.000         0.000
 Y_HOMO_1       0.000         0.000         0.000         0.000         0.000
 Y_HOMO_2       0.000         0.000         0.000         0.000         0.000
 Y_HOMO_2       0.000         0.000         0.000         0.000         0.000
 Y_HOMO_3       0.000         0.000         0.000         0.000         0.000
 Y_HOMO_4       0.000         0.000         0.000         0.000         0.000
 Y_HOMO_4       0.000         0.000         0.000         0.000         0.000
 Y_HOMO_5       1.000         0.000         0.000         0.000         0.000
 D_LUNES        0.000         1.000         0.000         0.000         0.000
 D_MARTES       0.000         0.000         1.000         0.000         0.000
 D_MIERCO       0.000         0.000         0.000         1.000         0.000
 D_JUEVES       0.000         0.000         0.000         0.000         1.000
 D_VIERNE       0.000         0.000         0.000         0.000         0.000
 D_SABADO       0.000         0.000         0.000         0.000         0.000


           LAMBDA
              D_VIERNE      D_SABADO
              ________      ________
 Y_HOMO         0.000         0.000
 Y_HOMO_1       0.000         0.000
 Y_HOMO_2       0.000         0.000
 Y_HOMO_7       0.000         0.000
 Y_HOMO_1       0.000         0.000
 Y_HOMO_2       0.000         0.000
 Y_HOMO_2       0.000         0.000
 Y_HOMO_3       0.000         0.000
 Y_HOMO_4       0.000         0.000
 Y_HOMO_4       0.000         0.000
 Y_HOMO_5       0.000         0.000
 D_LUNES        0.000         0.000
 D_MARTES       0.000         0.000
 D_MIERCO       0.000         0.000
 D_JUEVES       0.000         0.000
 D_VIERNE       1.000         0.000
 D_SABADO       0.000         1.000


           THETA
              Y_HOMO        Y_HOMO_1      Y_HOMO_2      Y_HOMO_7      Y_HOMO_1
              ________      ________      ________      ________      ________
 Y_HOMO         0.000
 Y_HOMO_1       0.000         0.000
 Y_HOMO_2       0.000         0.000         0.000
 Y_HOMO_7       0.000         0.000         0.000         0.000
 Y_HOMO_1       0.000         0.000         0.000         0.000         0.000
 Y_HOMO_2       0.000         0.000         0.000         0.000         0.000
 Y_HOMO_2       0.000         0.000         0.000         0.000         0.000
 Y_HOMO_3       0.000         0.000         0.000         0.000         0.000
 Y_HOMO_4       0.000         0.000         0.000         0.000         0.000
 Y_HOMO_4       0.000         0.000         0.000         0.000         0.000
 Y_HOMO_5       0.000         0.000         0.000         0.000         0.000
 D_LUNES        0.000         0.000         0.000         0.000         0.000
 D_MARTES       0.000         0.000         0.000         0.000         0.000
 D_MIERCO       0.000         0.000         0.000         0.000         0.000
 D_JUEVES       0.000         0.000         0.000         0.000         0.000
 D_VIERNE       0.000         0.000         0.000         0.000         0.000
 D_SABADO       0.000         0.000         0.000         0.000         0.000


           THETA
              Y_HOMO_2      Y_HOMO_2      Y_HOMO_3      Y_HOMO_4      Y_HOMO_4
              ________      ________      ________      ________      ________
 Y_HOMO_2       0.000
 Y_HOMO_2       0.000         0.000
 Y_HOMO_3       0.000         0.000         0.000
 Y_HOMO_4       0.000         0.000         0.000         0.000
 Y_HOMO_4       0.000         0.000         0.000         0.000         0.000
 Y_HOMO_5       0.000         0.000         0.000         0.000         0.000
 D_LUNES        0.000         0.000         0.000         0.000         0.000
 D_MARTES       0.000         0.000         0.000         0.000         0.000
 D_MIERCO       0.000         0.000         0.000         0.000         0.000
 D_JUEVES       0.000         0.000         0.000         0.000         0.000
 D_VIERNE       0.000         0.000         0.000         0.000         0.000
 D_SABADO       0.000         0.000         0.000         0.000         0.000


           THETA
              Y_HOMO_5      D_LUNES       D_MARTES      D_MIERCO      D_JUEVES
              ________      ________      ________      ________      ________
 Y_HOMO_5       0.000
 D_LUNES        0.000         0.000
 D_MARTES       0.000         0.000         0.000
 D_MIERCO       0.000         0.000         0.000         0.000
 D_JUEVES       0.000         0.000         0.000         0.000         0.000
 D_VIERNE       0.000         0.000         0.000         0.000         0.000
 D_SABADO       0.000         0.000         0.000         0.000         0.000


           THETA
              D_VIERNE      D_SABADO
              ________      ________
 D_VIERNE       0.000
 D_SABADO       0.000         0.000


           ALPHA
              Y_HOMO        Y_HOMO_1      Y_HOMO_2      Y_HOMO_7      Y_HOMO_1
              ________      ________      ________      ________      ________
                4.621         4.615         4.614         4.652         4.594


           ALPHA
              Y_HOMO_2      Y_HOMO_2      Y_HOMO_3      Y_HOMO_4      Y_HOMO_4
              ________      ________      ________      ________      ________
                4.528         4.499         4.467         4.478         4.525


           ALPHA
              Y_HOMO_5      D_LUNES       D_MARTES      D_MIERCO      D_JUEVES
              ________      ________      ________      ________      ________
                4.546         0.138         0.140         0.145         0.145


           ALPHA
              D_VIERNE      D_SABADO
              ________      ________
                0.145         0.144


           BETA
              Y_HOMO        Y_HOMO_1      Y_HOMO_2      Y_HOMO_7      Y_HOMO_1
              ________      ________      ________      ________      ________
 Y_HOMO         0.000         0.247         0.098         0.193         0.087
 Y_HOMO_1       0.000         0.000         0.000         0.000         0.000
 Y_HOMO_2       0.000         0.000         0.000         0.000         0.000
 Y_HOMO_7       0.000         0.000         0.000         0.000         0.000
 Y_HOMO_1       0.000         0.000         0.000         0.000         0.000
 Y_HOMO_2       0.000         0.000         0.000         0.000         0.000
 Y_HOMO_2       0.000         0.000         0.000         0.000         0.000
 Y_HOMO_3       0.000         0.000         0.000         0.000         0.000
 Y_HOMO_4       0.000         0.000         0.000         0.000         0.000
 Y_HOMO_4       0.000         0.000         0.000         0.000         0.000
 Y_HOMO_5       0.000         0.000         0.000         0.000         0.000
 D_LUNES        0.000         0.000         0.000         0.000         0.000
 D_MARTES       0.000         0.000         0.000         0.000         0.000
 D_MIERCO       0.000         0.000         0.000         0.000         0.000
 D_JUEVES       0.000         0.000         0.000         0.000         0.000
 D_VIERNE       0.000         0.000         0.000         0.000         0.000
 D_SABADO       0.000         0.000         0.000         0.000         0.000


           BETA
              Y_HOMO_2      Y_HOMO_2      Y_HOMO_3      Y_HOMO_4      Y_HOMO_4
              ________      ________      ________      ________      ________
 Y_HOMO         0.072         0.065         0.064         0.053         0.052
 Y_HOMO_1       0.000         0.000         0.000         0.000         0.000
 Y_HOMO_2       0.000         0.000         0.000         0.000         0.000
 Y_HOMO_7       0.000         0.000         0.000         0.000         0.000
 Y_HOMO_1       0.000         0.000         0.000         0.000         0.000
 Y_HOMO_2       0.000         0.000         0.000         0.000         0.000
 Y_HOMO_2       0.000         0.000         0.000         0.000         0.000
 Y_HOMO_3       0.000         0.000         0.000         0.000         0.000
 Y_HOMO_4       0.000         0.000         0.000         0.000         0.000
 Y_HOMO_4       0.000         0.000         0.000         0.000         0.000
 Y_HOMO_5       0.000         0.000         0.000         0.000         0.000
 D_LUNES        0.000         0.000         0.000         0.000         0.000
 D_MARTES       0.000         0.000         0.000         0.000         0.000
 D_MIERCO       0.000         0.000         0.000         0.000         0.000
 D_JUEVES       0.000         0.000         0.000         0.000         0.000
 D_VIERNE       0.000         0.000         0.000         0.000         0.000
 D_SABADO       0.000         0.000         0.000         0.000         0.000


           BETA
              Y_HOMO_5      D_LUNES       D_MARTES      D_MIERCO      D_JUEVES
              ________      ________      ________      ________      ________
 Y_HOMO         0.051         0.000         0.000         0.000         0.000
 Y_HOMO_1       0.000         0.000         0.000         0.000         0.000
 Y_HOMO_2       0.000         0.000         0.000         0.000         0.000
 Y_HOMO_7       0.000         0.000         0.000         0.000         0.000
 Y_HOMO_1       0.000         0.000         0.000         0.000         0.000
 Y_HOMO_2       0.000         0.000         0.000         0.000         0.000
 Y_HOMO_2       0.000         0.000         0.000         0.000         0.000
 Y_HOMO_3       0.000         0.000         0.000         0.000         0.000
 Y_HOMO_4       0.000         0.000         0.000         0.000         0.000
 Y_HOMO_4       0.000         0.000         0.000         0.000         0.000
 Y_HOMO_5       0.000         0.000         0.000         0.000         0.000
 D_LUNES        0.000         0.000         0.000         0.000         0.000
 D_MARTES       0.000         0.000         0.000         0.000         0.000
 D_MIERCO       0.000         0.000         0.000         0.000         0.000
 D_JUEVES       0.000         0.000         0.000         0.000         0.000
 D_VIERNE       0.000         0.000         0.000         0.000         0.000
 D_SABADO       0.000         0.000         0.000         0.000         0.000


           BETA
              D_VIERNE      D_SABADO
              ________      ________
 Y_HOMO         0.000         0.000
 Y_HOMO_1       0.000         0.000
 Y_HOMO_2       0.000         0.000
 Y_HOMO_7       0.000         0.000
 Y_HOMO_1       0.000         0.000
 Y_HOMO_2       0.000         0.000
 Y_HOMO_2       0.000         0.000
 Y_HOMO_3       0.000         0.000
 Y_HOMO_4       0.000         0.000
 Y_HOMO_4       0.000         0.000
 Y_HOMO_5       0.000         0.000
 D_LUNES        0.000         0.000
 D_MARTES       0.000         0.000
 D_MIERCO       0.000         0.000
 D_JUEVES       0.000         0.000
 D_VIERNE       0.000         0.000
 D_SABADO       0.000         0.000


           PSI
              Y_HOMO        Y_HOMO_1      Y_HOMO_2      Y_HOMO_7      Y_HOMO_1
              ________      ________      ________      ________      ________
 Y_HOMO         2.550
 Y_HOMO_1       0.000         2.540
 Y_HOMO_2       0.000         0.000         2.532
 Y_HOMO_7       0.000         0.000         0.000         2.603
 Y_HOMO_1       0.000         0.000         0.000         0.000         2.614
 Y_HOMO_2       0.000         0.000         0.000         0.000         0.000
 Y_HOMO_2       0.000         0.000         0.000         0.000         0.000
 Y_HOMO_3       0.000         0.000         0.000         0.000         0.000
 Y_HOMO_4       0.000         0.000         0.000         0.000         0.000
 Y_HOMO_4       0.000         0.000         0.000         0.000         0.000
 Y_HOMO_5       0.000         0.000         0.000         0.000         0.000
 D_LUNES        0.000         0.000         0.000         0.000         0.000
 D_MARTES       0.000         0.000         0.000         0.000         0.000
 D_MIERCO       0.000         0.000         0.000         0.000         0.000
 D_JUEVES       0.000         0.000         0.000         0.000         0.000
 D_VIERNE       0.000         0.000         0.000         0.000         0.000
 D_SABADO       0.000         0.000         0.000         0.000         0.000


           PSI
              Y_HOMO_2      Y_HOMO_2      Y_HOMO_3      Y_HOMO_4      Y_HOMO_4
              ________      ________      ________      ________      ________
 Y_HOMO_2       2.696
 Y_HOMO_2       0.000         2.658
 Y_HOMO_3       0.000         0.000         2.588
 Y_HOMO_4       0.000         0.000         0.000         2.529
 Y_HOMO_4       0.000         0.000         0.000         0.000         2.483
 Y_HOMO_5       0.000         0.000         0.000         0.000         0.000
 D_LUNES        0.000         0.000         0.000         0.000         0.000
 D_MARTES       0.000         0.000         0.000         0.000         0.000
 D_MIERCO       0.000         0.000         0.000         0.000         0.000
 D_JUEVES       0.000         0.000         0.000         0.000         0.000
 D_VIERNE       0.000         0.000         0.000         0.000         0.000
 D_SABADO       0.000         0.000         0.000         0.000         0.000


           PSI
              Y_HOMO_5      D_LUNES       D_MARTES      D_MIERCO      D_JUEVES
              ________      ________      ________      ________      ________
 Y_HOMO_5       2.485
 D_LUNES        0.000         0.119
 D_MARTES       0.000        -0.019         0.120
 D_MIERCO       0.000        -0.020        -0.020         0.124
 D_JUEVES       0.000        -0.020        -0.020        -0.021         0.124
 D_VIERNE       0.000        -0.020        -0.020        -0.021        -0.021
 D_SABADO       0.000        -0.020        -0.020        -0.021        -0.021


           PSI
              D_VIERNE      D_SABADO
              ________      ________
 D_VIERNE       0.124
 D_SABADO      -0.021         0.123


RESULTS SAVING INFORMATION

  Order of data

    Parameter estimates
     (saved in order shown in Technical 1 output)
    Standard errors
     (saved in order shown in Technical 1 output)
    StdYX standardized coefficients
     (saved in order shown in Technical 1 output)
    Standard errors for StdYX standardized coefficients
     (saved in order shown in Technical 1 output)
    StdY standardized coefficients
     (saved in order shown in Technical 1 output)
    Standard errors for StdY standardized coefficients
     (saved in order shown in Technical 1 output)
    Std standardized coefficients
     (saved in order shown in Technical 1 output)
    Standard errors for Std standardized coefficients
     (saved in order shown in Technical 1 output)
    Chi-square : Value
    Chi-square : Degrees of Freedom
    Chi-square : P-Value
    CFI
    TLI
    H0 Loglikelihood
    H1 Loglikelihood
    Number of Free Parameters
    Akaike (AIC)
    Bayesian (BIC)
    Sample-Size Adjusted BIC
    RMSEA : Estimate
    RMSEA : Low CI
    RMSEA : High CI
    RMSEA : Probability
    SRMR
    Condition Number

  Save file
    ouT_homo.dat

  Save file format           Free


DIAGRAM INFORMATION

  Use View Diagram under the Diagram menu in the Mplus Editor to view the diagram.
  If running Mplus from the Mplus Diagrammer, the diagram opens automatically.

  Diagram output
    c:\users\rosel\dropbox\marcel elipe\mplus\datos definitivos\datos homocedas\datos homo.dgm

     Beginning Time:  17:28:03
        Ending Time:  17:28:05
       Elapsed Time:  00:00:02



MUTHEN & MUTHEN
3463 Stoner Ave.
Los Angeles, CA  90066

Tel: (310) 391-9971
Fax: (310) 391-8971
Web: www.StatModel.com
Support: Support@StatModel.com

Copyright (c) 1998-2017 Muthen & Muthen
